<?xml version="1.0" encoding="UTF-8"?>
<!-- Generated by org.testng.reporters.JUnitXMLReporter -->
<testsuite ignored="0" hostname="Fachrul" failures="1" tests="1" name="Authentication Tests" time="3.565" errors="0" timestamp="2026-06-02T21:41:20 WIB">
  <testcase classname="tests.auth.LoginTest" name="loginTest" time="3.068">
    <failure type="java.io.FileNotFoundException" message="src\resources\json\token.json (The system cannot find the path specified)">
      <![CDATA[java.io.FileNotFoundException: src\resources\json\token.json (The system cannot find the path specified)
at java.base/java.io.FileOutputStream.open0(Native Method)
at java.base/java.io.FileOutputStream.open(FileOutputStream.java:293)
at java.base/java.io.FileOutputStream.<init>(FileOutputStream.java:235)
at java.base/java.io.FileOutputStream.<init>(FileOutputStream.java:123)
at java.base/java.io.FileWriter.<init>(FileWriter.java:66)
at tests.auth.LoginTest.loginTest(LoginTest.java:44)
at java.base/java.util.ArrayList.forEach(ArrayList.java:1511)
... Removed 31 stack frames]]>
    </failure>
  </testcase> <!-- loginTest -->
</testsuite> <!-- Authentication Tests -->
