<?xml version="1.0" encoding="UTF-8"?>
<!-- Generated by org.testng.reporters.JUnitXMLReporter -->
<testsuite ignored="0" hostname="Fachrul" failures="1" tests="3" name="Sport Category Tests" time="1.156" errors="0" timestamp="2026-06-02T21:41:21 WIB">
  <testcase classname="tests.sportcategory.SportCategoryTest" name="createSportCategories" time="0.443">
    <failure type="java.lang.AssertionError" message="Category ID should not be null expected object to not be null">
      <![CDATA[java.lang.AssertionError: Category ID should not be null expected object to not be null
at tests.sportcategory.SportCategoryTest.createSportCategories(SportCategoryTest.java:41)
at java.base/java.util.ArrayList.forEach(ArrayList.java:1511)
... Removed 33 stack frames]]>
    </failure>
  </testcase> <!-- createSportCategories -->
  <testcase classname="tests.sportcategory.SportCategoryTest" name="deleteSportCategory" time="0.342"/>
  <testcase classname="tests.sportcategory.SportCategoryTest" name="getSportCategories" time="0.361"/>
</testsuite> <!-- Sport Category Tests -->
