<?xml version="1.0" encoding="UTF-8"?>
<!-- Generated by org.testng.reporters.JUnitXMLReporter -->
<testsuite ignored="0" hostname="Memoria" failures="0" tests="5" name="Sport Activity Tests" time="1.131" errors="0" timestamp="2026-06-07T09:06:59 WIB">
  <testcase classname="tests.sportactivity.SportActivityTest" name="createSportActivity" time="0.241"/>
  <testcase classname="tests.sportactivity.SportActivityTest" name="getActivityById" time="0.305"/>
  <testcase classname="tests.sportactivity.SportActivityTest" name="getSportActivity" time="0.321"/>
  <testcase classname="tests.sportactivity.SportActivityTest" name="updateSportActivity" time="0.167"/>
  <testcase classname="tests.sportactivity.SportActivityTest" name="deleteSportActivity" time="0.091"/>
</testsuite> <!-- Sport Activity Tests -->
