<?xml version="1.0" encoding="UTF-8"?>
<!-- Generated by org.testng.reporters.JUnitXMLReporter -->
<testsuite ignored="0" hostname="Memoria" failures="0" tests="4" name="Sport Category Tests" time="0.442" errors="0" timestamp="2026-06-07T09:06:58 WIB">
  <testcase classname="tests.sportcategory.SportCategoryTest" name="createSportCategories" time="0.13"/>
  <testcase classname="tests.sportcategory.SportCategoryTest" name="getSportCategories" time="0.137"/>
  <testcase classname="tests.sportcategory.SportCategoryTest" name="updateSportCategories" time="0.096"/>
  <testcase classname="tests.sportcategory.SportCategoryTest" name="deleteSportCategories" time="0.075"/>
</testsuite> <!-- Sport Category Tests -->
