<?xml version="1.0" encoding="UTF-8"?>
<testng-results ignored="0" total="10" passed="10" failed="0" skipped="0">
  <reporter-output>
  </reporter-output>
  <suite started-at="2026-06-07T09:06:55 WIB" name="API Test Suite" finished-at="2026-06-07T09:06:59 WIB" duration-ms="3626">
    <groups>
    </groups>
    <test started-at="2026-06-07T09:06:55 WIB" name="Authentication Tests" finished-at="2026-06-07T09:06:57 WIB" duration-ms="2029">
      <class name="tests.auth.LoginTest">
        <test-method is-config="true" signature="setUp()[pri:0, instance:tests.auth.LoginTest@188715b5]" started-at="2026-06-07T09:06:55 WIB" name="setUp" finished-at="2026-06-07T09:06:56 WIB" duration-ms="281" status="PASS">
          <reporter-output>
          </reporter-output>
        </test-method> <!-- setUp -->
        <test-method signature="loginTest()[pri:0, instance:tests.auth.LoginTest@188715b5]" started-at="2026-06-07T09:06:56 WIB" name="loginTest" finished-at="2026-06-07T09:06:57 WIB" duration-ms="1720" status="PASS">
          <reporter-output>
          </reporter-output>
        </test-method> <!-- loginTest -->
      </class> <!-- tests.auth.LoginTest -->
    </test> <!-- Authentication Tests -->
    <test started-at="2026-06-07T09:06:57 WIB" name="Sport Category Tests" finished-at="2026-06-07T09:06:58 WIB" duration-ms="442">
      <class name="tests.sportcategory.SportCategoryTest">
        <test-method signature="createSportCategories()[pri:1, instance:tests.sportcategory.SportCategoryTest@359f7cdf]" started-at="2026-06-07T09:06:57 WIB" name="createSportCategories" finished-at="2026-06-07T09:06:57 WIB" duration-ms="130" status="PASS">
          <reporter-output>
          </reporter-output>
        </test-method> <!-- createSportCategories -->
        <test-method is-config="true" signature="setUp()[pri:0, instance:tests.sportcategory.SportCategoryTest@359f7cdf]" started-at="2026-06-07T09:06:57 WIB" name="setUp" finished-at="2026-06-07T09:06:57 WIB" duration-ms="0" status="PASS">
          <reporter-output>
          </reporter-output>
        </test-method> <!-- setUp -->
        <test-method signature="getSportCategories()[pri:2, instance:tests.sportcategory.SportCategoryTest@359f7cdf]" started-at="2026-06-07T09:06:57 WIB" name="getSportCategories" finished-at="2026-06-07T09:06:58 WIB" duration-ms="137" status="PASS">
          <reporter-output>
          </reporter-output>
        </test-method> <!-- getSportCategories -->
        <test-method signature="updateSportCategories()[pri:3, instance:tests.sportcategory.SportCategoryTest@359f7cdf]" started-at="2026-06-07T09:06:58 WIB" name="updateSportCategories" finished-at="2026-06-07T09:06:58 WIB" duration-ms="96" status="PASS">
          <reporter-output>
          </reporter-output>
        </test-method> <!-- updateSportCategories -->
        <test-method signature="deleteSportCategories()[pri:4, instance:tests.sportcategory.SportCategoryTest@359f7cdf]" started-at="2026-06-07T09:06:58 WIB" name="deleteSportCategories" finished-at="2026-06-07T09:06:58 WIB" duration-ms="75" status="PASS">
          <reporter-output>
          </reporter-output>
        </test-method> <!-- deleteSportCategories -->
      </class> <!-- tests.sportcategory.SportCategoryTest -->
    </test> <!-- Sport Category Tests -->
    <test started-at="2026-06-07T09:06:58 WIB" name="Sport Activity Tests" finished-at="2026-06-07T09:06:59 WIB" duration-ms="1131">
      <class name="tests.sportactivity.SportActivityTest">
        <test-method is-config="true" signature="setUp()[pri:0, instance:tests.sportactivity.SportActivityTest@478190fc]" started-at="2026-06-07T09:06:58 WIB" name="setUp" finished-at="2026-06-07T09:06:58 WIB" duration-ms="1" status="PASS">
          <reporter-output>
          </reporter-output>
        </test-method> <!-- setUp -->
        <test-method signature="createSportActivity()[pri:1, instance:tests.sportactivity.SportActivityTest@478190fc]" started-at="2026-06-07T09:06:58 WIB" name="createSportActivity" finished-at="2026-06-07T09:06:58 WIB" duration-ms="241" status="PASS">
          <reporter-output>
          </reporter-output>
        </test-method> <!-- createSportActivity -->
        <test-method signature="getActivityById()[pri:2, instance:tests.sportactivity.SportActivityTest@478190fc]" started-at="2026-06-07T09:06:58 WIB" name="getActivityById" finished-at="2026-06-07T09:06:58 WIB" duration-ms="305" status="PASS">
          <reporter-output>
          </reporter-output>
        </test-method> <!-- getActivityById -->
        <test-method signature="getSportActivity()[pri:3, instance:tests.sportactivity.SportActivityTest@478190fc]" started-at="2026-06-07T09:06:58 WIB" name="getSportActivity" finished-at="2026-06-07T09:06:59 WIB" duration-ms="321" status="PASS">
          <reporter-output>
          </reporter-output>
        </test-method> <!-- getSportActivity -->
        <test-method signature="updateSportActivity()[pri:4, instance:tests.sportactivity.SportActivityTest@478190fc]" started-at="2026-06-07T09:06:59 WIB" name="updateSportActivity" finished-at="2026-06-07T09:06:59 WIB" duration-ms="167" status="PASS">
          <reporter-output>
          </reporter-output>
        </test-method> <!-- updateSportActivity -->
        <test-method signature="deleteSportActivity()[pri:5, instance:tests.sportactivity.SportActivityTest@478190fc]" started-at="2026-06-07T09:06:59 WIB" name="deleteSportActivity" finished-at="2026-06-07T09:06:59 WIB" duration-ms="91" status="PASS">
          <reporter-output>
          </reporter-output>
        </test-method> <!-- deleteSportActivity -->
      </class> <!-- tests.sportactivity.SportActivityTest -->
    </test> <!-- Sport Activity Tests -->
  </suite> <!-- API Test Suite -->
</testng-results>
