<?xml version="1.0" encoding="UTF-8"?>
<testsuite xmlns:xsi="http://www.w3.org/2001/XMLSchema-instance" xsi:noNamespaceSchemaLocation="https://maven.apache.org/surefire/maven-surefire-plugin/xsd/surefire-test-report-3.0.xsd" version="3.0" name="TestSuite" time="4.007" tests="10" errors="0" skipped="0" failures="0">
  <properties>
[...]
</properties>
  <testcase name="loginTest" classname="tests.auth.LoginTest" time="1.722">
    <system-out><![CDATA[Response : {"success":true,"data":{"token":"3964|fVVRq7LoIkW5aNOayHn5eqT8hyPd7L7Y6VVEu7IWfdf8b2d9","name":"Fachrul","email":"fachrul20@gmail.com"},"message":"User login successfully."}
Status Code : 200
Token : 3964|fVVRq7LoIkW5aNOayHn5eqT8hyPd7L7Y6VVEu7IWfdf8b2d9
Token saved to token.json
]]></system-out>
    <system-err><![CDATA[SLF4J(W): No SLF4J providers were found.
SLF4J(W): Defaulting to no-operation (NOP) logger implementation
SLF4J(W): See https://www.slf4j.org/codes.html#noProviders for further details.
]]></system-err>
  </testcase>
  <testcase name="createSportCategories" classname="tests.sportcategory.SportCategoryTest" time="0.13">
    <system-out><![CDATA[Create Response: {"error":false,"result":{"id":1099,"name":"Sepakbola Tarkam","created_at":"2026-06-07T02:06:55.000000Z","updated_at":"2026-06-07T02:06:55.000000Z"},"message":"data saved"}
https://sport-reservation-2-api-bootcamp.do.dibimbing.id/api/
Created Category ID: 1099
Status Code : 200
]]></system-out>
  </testcase>
  <testcase name="getSportCategories" classname="tests.sportcategory.SportCategoryTest" time="0.144">
    <system-out><![CDATA[Get Response: {"error":false,"result":[{"id":157,"name":"Basketball","created_at":"2025-06-23T18:50:12.000000Z","updated_at":"2025-06-23T18:50:12.000000Z"},{"id":159,"name":"Sepak Bola","created_at":"2025-06-23T18:50:28.000000Z","updated_at":"2025-06-23T18:50:28.000000Z"},{"id":160,"name":"Golf","created_at":"2025-06-23T18:50:33.000000Z","updated_at":"2025-06-23T18:50:33.000000Z"},{"id":170,"name":"Tenis","created_at":"2025-06-24T04:54:40.000000Z","updated_at":"2025-06-24T04:54:40.000000Z"},{"id":171,"name":"Aerobik","created_at":"2025-06-24T04:54:53.000000Z","updated_at":"2025-06-24T04:54:53.000000Z"},{"id":173,"name":"Mini Soccer","created_at":"2025-06-25T05:27:31.000000Z","updated_at":"2025-06-25T05:27:31.000000Z"},{"id":824,"name":"Makan dan Minum","created_at":"2026-05-14T10:22:33.000000Z","updated_at":"2026-05-14T10:22:41.000000Z"},{"id":175,"name":"Badminton","created_at":"2025-06-25T05:28:34.000000Z","updated_at":"2025-06-25T05:28:34.000000Z"},{"id":176,"name":"Baseball","created_at":"2025-06-25T05:28:43.000000Z","updated_at":"2025-06-25T05:28:43.000000Z"},{"id":177,"name":"Running","created_at":"2025-06-25T05:28:58.000000Z","updated_at":"2025-06-25T05:28:58.000000Z"},{"id":178,"name":"Padel","created_at":"2025-06-25T05:29:06.000000Z","updated_at":"2025-06-25T05:29:06.000000Z"},{"id":827,"name":"12345","created_at":"2026-05-23T04:06:25.000000Z","updated_at":"2026-05-23T04:06:25.000000Z"},{"id":870,"name":"Tenis Meja Tunggal","created_at":"2026-06-02T08:52:45.000000Z","updated_at":"2026-06-02T08:52:45.000000Z"},{"id":181,"name":"Volley","created_at":"2025-06-25T05:30:04.000000Z","updated_at":"2025-06-25T05:30:04.000000Z"},{"id":836,"name":"1231434","created_at":"2026-05-23T04:27:04.000000Z","updated_at":"2026-05-23T04:27:04.000000Z"},{"id":839,"name":"Sport_1779512115736","created_at":"2026-05-23T04:55:10.000000Z","updated_at":"2026-05-23T04:55:10.000000Z"},{"id":842,"name":"1231434","created_at":"2026-05-23T05:34:08.000000Z","updated_at":"2026-05-23T05:34:08.000000Z"},{"id":845,"name":"1231434","created_at":"2026-05-23T05:36:51.000000Z","updated_at":"2026-05-23T05:36:51.000000Z"},{"id":848,"name":"1231434","created_at":"2026-05-23T12:37:12.000000Z","updated_at":"2026-05-23T12:37:12.000000Z"},{"id":851,"name":"1231434","created_at":"2026-05-23T12:49:47.000000Z","updated_at":"2026-05-23T12:49:47.000000Z"},{"id":854,"name":"1231434","created_at":"2026-05-23T14:30:16.000000Z","updated_at":"2026-05-23T14:30:16.000000Z"},{"id":857,"name":"Elektronik","created_at":"2026-05-31T05:52:44.000000Z","updated_at":"2026-05-31T05:52:44.000000Z"},{"id":860,"name":"Elektronik","created_at":"2026-06-02T07:14:29.000000Z","updated_at":"2026-06-02T07:14:29.000000Z"},{"id":873,"name":"Bulutangkis Ganda","created_at":"2026-06-02T08:55:40.000000Z","updated_at":"2026-06-02T08:55:40.000000Z"},{"id":876,"name":"Basket Liga Super","created_at":"2026-06-02T08:58:21.000000Z","updated_at":"2026-06-02T08:58:21.000000Z"},{"id":882,"name":"Tenis Meja Tunggal","created_at":"2026-06-02T09:00:15.000000Z","updated_at":"2026-06-02T09:00:15.000000Z"},{"id":885,"name":"Futsal Professional","created_at":"2026-06-02T13:43:33.000000Z","updated_at":"2026-06-02T13:43:33.000000Z"},{"id":888,"name":"Futsal Professional","created_at":"2026-06-02T14:19:02.000000Z","updated_at":"2026-06-02T14:19:02.000000Z"},{"id":891,"name":"Futsal Professional","created_at":"2026-06-03T07:03:25.000000Z","updated_at":"2026-06-03T07:03:25.000000Z"},{"id":894,"name":"Basket Liga Super","created_at":"2026-06-03T07:19:11.000000Z","updated_at":"2026-06-03T07:19:11.000000Z"},{"id":900,"name":"Tenis Meja","created_at":"2026-06-03T07:26:01.000000Z","updated_at":"2026-06-03T07:26:01.000000Z"},{"id":903,"name":"Renang","created_at":"2026-06-03T07:35:14.000000Z","updated_at":"2026-06-03T07:35:14.000000Z"},{"id":906,"name":"Sepak Takraw","created_at":"2026-06-03T07:42:49.000000Z","updated_at":"2026-06-03T07:42:49.000000Z"},{"id":909,"name":"Futsal Professional","created_at":"2026-06-03T07:55:56.000000Z","updated_at":"2026-06-03T07:55:56.000000Z"},{"id":912,"name":"category62","created_at":"2026-06-03T14:38:35.000000Z","updated_at":"2026-06-03T14:38:35.000000Z"},{"id":915,"name":"category80","created_at":"2026-06-03T14:42:51.000000Z","updated_at":"2026-06-03T14:42:51.000000Z"},{"id":918,"name":"Sepak Takraw","created_at":"2026-06-03T14:45:41.000000Z","updated_at":"2026-06-03T14:45:41.000000Z"},{"id":921,"name":"category81","created_at":"2026-06-04T04:57:20.000000Z","updated_at":"2026-06-04T04:57:20.000000Z"},{"id":924,"name":"Sepak Takraw","created_at":"2026-06-04T05:01:37.000000Z","updated_at":"2026-06-04T05:01:37.000000Z"},{"id":927,"name":"Futsal Professional","created_at":"2026-06-04T05:02:11.000000Z","updated_at":"2026-06-04T05:02:11.000000Z"},{"id":930,"name":"BOLA VOLY AIR","created_at":"2026-06-04T05:12:15.000000Z","updated_at":"2026-06-04T05:12:15.000000Z"},{"id":933,"name":"Sepak Takraw","created_at":"2026-06-04T05:26:56.000000Z","updated_at":"2026-06-04T05:26:56.000000Z"},{"id":939,"name":"Tenis Meja","created_at":"2026-06-04T05:35:31.000000Z","updated_at":"2026-06-04T05:35:31.000000Z"},{"id":830,"name":"Futsal","created_at":"2026-05-23T04:11:01.000000Z","updated_at":"2026-06-04T06:27:14.000000Z"},{"id":833,"name":"Renang","created_at":"2026-05-23T04:15:43.000000Z","updated_at":"2026-06-04T06:39:47.000000Z"},{"id":942,"name":"Raden","created_at":"2026-06-04T09:01:42.000000Z","updated_at":"2026-06-04T09:01:42.000000Z"},{"id":951,"name":"1231434","created_at":"2026-06-04T13:37:36.000000Z","updated_at":"2026-06-04T13:37:36.000000Z"},{"id":954,"name":"category29","created_at":"2026-06-04T13:46:16.000000Z","updated_at":"2026-06-04T13:46:17.000000Z"},{"id":960,"name":"1231434","created_at":"2026-06-04T14:00:34.000000Z","updated_at":"2026-06-04T14:00:34.000000Z"},{"id":969,"name":"1231434","created_at":"2026-06-04T14:10:01.000000Z","updated_at":"2026-06-04T14:10:01.000000Z"},{"id":972,"name":"category18","created_at":"2026-06-04T14:16:12.000000Z","updated_at":"2026-06-04T14:16:12.000000Z"},{"id":975,"name":"category96","created_at":"2026-06-04T14:19:09.000000Z","updated_at":"2026-06-04T14:19:09.000000Z"},{"id":984,"name":"category1780583697532","created_at":"2026-06-04T14:34:54.000000Z","updated_at":"2026-06-04T14:34:54.000000Z"},{"id":987,"name":"12345","created_at":"2026-06-04T22:06:53.000000Z","updated_at":"2026-06-04T22:06:53.000000Z"},{"id":990,"name":"12345","created_at":"2026-06-04T23:37:48.000000Z","updated_at":"2026-06-04T23:37:48.000000Z"},{"id":993,"name":"12345","created_at":"2026-06-05T02:31:15.000000Z","updated_at":"2026-06-05T02:31:15.000000Z"},{"id":996,"name":"12345","created_at":"2026-06-05T02:34:40.000000Z","updated_at":"2026-06-05T02:34:40.000000Z"},{"id":999,"name":"12345","created_at":"2026-06-05T02:48:03.000000Z","updated_at":"2026-06-05T02:48:03.000000Z"},{"id":1002,"name":"12345","created_at":"2026-06-05T03:05:13.000000Z","updated_at":"2026-06-05T03:05:13.000000Z"},{"id":1005,"name":"12345","created_at":"2026-06-05T03:06:48.000000Z","updated_at":"2026-06-05T03:06:48.000000Z"},{"id":1008,"name":"12345","created_at":"2026-06-05T03:24:18.000000Z","updated_at":"2026-06-05T03:24:18.000000Z"},{"id":1011,"name":"12345","created_at":"2026-06-05T03:36:28.000000Z","updated_at":"2026-06-05T03:36:28.000000Z"},{"id":1014,"name":"12345","created_at":"2026-06-05T04:10:07.000000Z","updated_at":"2026-06-05T04:10:07.000000Z"},{"id":1020,"name":"rally","created_at":"2026-06-05T05:11:48.000000Z","updated_at":"2026-06-05T05:11:48.000000Z"},{"id":1023,"name":"rally","created_at":"2026-06-05T05:28:54.000000Z","updated_at":"2026-06-05T05:28:54.000000Z"},{"id":1026,"name":"rally","created_at":"2026-06-05T05:29:18.000000Z","updated_at":"2026-06-05T05:29:18.000000Z"},{"id":1029,"name":"chess","created_at":"2026-06-05T05:41:12.000000Z","updated_at":"2026-06-05T05:41:12.000000Z"},{"id":1032,"name":"BOLA AIR","created_at":"2026-06-05T05:46:06.000000Z","updated_at":"2026-06-05T05:46:06.000000Z"},{"id":1035,"name":"Futsal Professional","created_at":"2026-06-05T05:47:39.000000Z","updated_at":"2026-06-05T05:47:39.000000Z"},{"id":1038,"name":"rally","created_at":"2026-06-05T06:17:24.000000Z","updated_at":"2026-06-05T06:17:24.000000Z"},{"id":1041,"name":"rally","created_at":"2026-06-05T06:24:30.000000Z","updated_at":"2026-06-05T06:24:30.000000Z"},{"id":1050,"name":"drift","created_at":"2026-06-05T11:58:52.000000Z","updated_at":"2026-06-05T11:58:52.000000Z"},{"id":1053,"name":"drift","created_at":"2026-06-05T12:03:39.000000Z","updated_at":"2026-06-05T12:03:39.000000Z"},{"id":1065,"name":"Super Leage","created_at":"2026-06-05T17:29:20.000000Z","updated_at":"2026-06-05T17:29:21.000000Z"},{"id":1068,"name":"rally","created_at":"2026-06-06T00:50:51.000000Z","updated_at":"2026-06-06T00:50:51.000000Z"},{"id":1074,"name":"1234456","created_at":"2026-06-06T09:47:39.000000Z","updated_at":"2026-06-06T09:47:39.000000Z"},{"id":1077,"name":"category21","created_at":"2026-06-06T10:24:08.000000Z","updated_at":"2026-06-06T10:24:08.000000Z"},{"id":1083,"name":"category22","created_at":"2026-06-06T10:47:17.000000Z","updated_at":"2026-06-06T10:47:17.000000Z"},{"id":1086,"name":"Elektronik","created_at":"2026-06-06T22:18:45.000000Z","updated_at":"2026-06-06T22:18:45.000000Z"},{"id":1089,"name":"1231434","created_at":"2026-06-07T00:38:15.000000Z","updated_at":"2026-06-07T00:38:15.000000Z"},{"id":1091,"name":"category88","created_at":"2026-06-07T01:38:32.000000Z","updated_at":"2026-06-07T01:38:32.000000Z"},{"id":825,"name":"1234456","created_at":"2026-05-22T17:13:17.000000Z","updated_at":"2026-05-22T17:13:17.000000Z"},{"id":828,"name":"1231434","created_at":"2026-05-23T04:07:13.000000Z","updated_at":"2026-05-23T04:07:13.000000Z"},{"id":831,"name":"1231434","created_at":"2026-05-23T04:14:20.000000Z","updated_at":"2026-05-23T04:14:20.000000Z"},{"id":834,"name":"1231434","created_at":"2026-05-23T04:16:48.000000Z","updated_at":"2026-05-23T04:16:48.000000Z"},{"id":837,"name":"1231434","created_at":"2026-05-23T04:27:37.000000Z","updated_at":"2026-05-23T04:27:37.000000Z"},{"id":840,"name":"1231434","created_at":"2026-05-23T05:19:27.000000Z","updated_at":"2026-05-23T05:19:27.000000Z"},{"id":843,"name":"1231434","created_at":"2026-05-23T05:34:17.000000Z","updated_at":"2026-05-23T05:34:17.000000Z"},{"id":846,"name":"1231434","created_at":"2026-05-23T08:21:54.000000Z","updated_at":"2026-05-23T08:21:54.000000Z"},{"id":849,"name":"1231434","created_at":"2026-05-23T12:37:22.000000Z","updated_at":"2026-05-23T12:37:22.000000Z"},{"id":852,"name":"1231434","created_at":"2026-05-23T13:55:18.000000Z","updated_at":"2026-05-23T13:55:18.000000Z"},{"id":855,"name":"1231434","created_at":"2026-05-23T14:30:27.000000Z","updated_at":"2026-05-23T14:30:27.000000Z"},{"id":858,"name":"Elektronik","created_at":"2026-05-31T06:02:26.000000Z","updated_at":"2026-05-31T06:02:26.000000Z"},{"id":861,"name":"1231434","created_at":"2026-06-02T07:17:32.000000Z","updated_at":"2026-06-02T07:17:32.000000Z"},{"id":864,"name":"1231434","created_at":"2026-06-02T08:39:52.000000Z","updated_at":"2026-06-02T08:39:52.000000Z"},{"id":868,"name":"Basket Liga Super","created_at":"2026-06-02T08:52:45.000000Z","updated_at":"2026-06-02T08:52:45.000000Z"},{"id":871,"name":"category30","created_at":"2026-06-02T08:55:39.000000Z","updated_at":"2026-06-02T08:55:39.000000Z"},{"id":874,"name":"Tenis Meja Tunggal","created_at":"2026-06-02T08:55:41.000000Z","updated_at":"2026-06-02T08:55:41.000000Z"},{"id":877,"name":"Bulutangkis Ganda","created_at":"2026-06-02T08:58:21.000000Z","updated_at":"2026-06-02T08:58:21.000000Z"},{"id":880,"name":"Basket Liga Super","created_at":"2026-06-02T09:00:14.000000Z","updated_at":"2026-06-02T09:00:14.000000Z"},{"id":883,"name":"Futsal Professional","created_at":"2026-06-02T13:35:41.000000Z","updated_at":"2026-06-02T13:35:41.000000Z"},{"id":886,"name":"Futsal Professional","created_at":"2026-06-02T14:16:50.000000Z","updated_at":"2026-06-02T14:16:50.000000Z"},{"id":889,"name":"Tarkam","created_at":"2026-06-03T06:51:32.000000Z","updated_at":"2026-06-03T06:51:32.000000Z"},{"id":892,"name":"Futsal Professional","created_at":"2026-06-03T07:17:13.000000Z","updated_at":"2026-06-03T07:17:13.000000Z"},{"id":895,"name":"Bulutangkis Ganda","created_at":"2026-06-03T07:19:11.000000Z","updated_at":"2026-06-03T07:19:11.000000Z"},{"id":898,"name":"Sepak Takraw","created_at":"2026-06-03T07:26:00.000000Z","updated_at":"2026-06-03T07:26:00.000000Z"},{"id":904,"name":"Tenis Meja","created_at":"2026-06-03T07:35:15.000000Z","updated_at":"2026-06-03T07:35:15.000000Z"},{"id":907,"name":"Renang","created_at":"2026-06-03T07:42:50.000000Z","updated_at":"2026-06-03T07:42:50.000000Z"},{"id":910,"name":"Futsal Professional","created_at":"2026-06-03T14:20:38.000000Z","updated_at":"2026-06-03T14:20:38.000000Z"},{"id":913,"name":"category97","created_at":"2026-06-03T14:39:48.000000Z","updated_at":"2026-06-03T14:39:48.000000Z"},{"id":916,"name":"category70","created_at":"2026-06-03T14:43:28.000000Z","updated_at":"2026-06-03T14:43:28.000000Z"},{"id":919,"name":"Renang","created_at":"2026-06-03T14:45:42.000000Z","updated_at":"2026-06-03T14:45:42.000000Z"},{"id":922,"name":"category29","created_at":"2026-06-04T05:00:21.000000Z","updated_at":"2026-06-04T05:00:21.000000Z"},{"id":925,"name":"Renang","created_at":"2026-06-04T05:01:37.000000Z","updated_at":"2026-06-04T05:01:37.000000Z"},{"id":928,"name":"Futsal Professional","created_at":"2026-06-04T05:10:24.000000Z","updated_at":"2026-06-04T05:10:24.000000Z"},{"id":931,"name":"BOLA VOLY AIR","created_at":"2026-06-04T05:26:28.000000Z","updated_at":"2026-06-04T05:26:28.000000Z"},{"id":934,"name":"Renang","created_at":"2026-06-04T05:26:56.000000Z","updated_at":"2026-06-04T05:26:56.000000Z"},{"id":937,"name":"Sepak Takraw","created_at":"2026-06-04T05:35:29.000000Z","updated_at":"2026-06-04T05:35:29.000000Z"},{"id":940,"name":"Futsal","created_at":"2026-06-04T06:37:51.000000Z","updated_at":"2026-06-04T06:37:51.000000Z"},{"id":943,"name":"Raden","created_at":"2026-06-04T09:02:43.000000Z","updated_at":"2026-06-04T09:02:43.000000Z"},{"id":946,"name":"1231434","created_at":"2026-06-04T13:18:17.000000Z","updated_at":"2026-06-04T13:18:17.000000Z"},{"id":949,"name":"1231434","created_at":"2026-06-04T13:34:09.000000Z","updated_at":"2026-06-04T13:34:09.000000Z"},{"id":952,"name":"1231434","created_at":"2026-06-04T13:40:32.000000Z","updated_at":"2026-06-04T13:40:32.000000Z"},{"id":955,"name":"1231434","created_at":"2026-06-04T13:47:04.000000Z","updated_at":"2026-06-04T13:47:04.000000Z"},{"id":958,"name":"category21","created_at":"2026-06-04T13:55:56.000000Z","updated_at":"2026-06-04T13:55:57.000000Z"},{"id":961,"name":"1231434","created_at":"2026-06-04T14:00:35.000000Z","updated_at":"2026-06-04T14:00:35.000000Z"},{"id":964,"name":"1231434","created_at":"2026-06-04T14:06:19.000000Z","updated_at":"2026-06-04T14:06:19.000000Z"},{"id":967,"name":"1231434","created_at":"2026-06-04T14:09:22.000000Z","updated_at":"2026-06-04T14:09:22.000000Z"},{"id":973,"name":"category40","created_at":"2026-06-04T14:18:30.000000Z","updated_at":"2026-06-04T14:18:30.000000Z"},{"id":976,"name":"category88","created_at":"2026-06-04T14:19:47.000000Z","updated_at":"2026-06-04T14:19:47.000000Z"},{"id":979,"name":"category29","created_at":"2026-06-04T14:21:13.000000Z","updated_at":"2026-06-04T14:21:13.000000Z"},{"id":982,"name":"category19","created_at":"2026-06-04T14:30:34.000000Z","updated_at":"2026-06-04T14:30:34.000000Z"},{"id":988,"name":"12345","created_at":"2026-06-04T22:10:39.000000Z","updated_at":"2026-06-04T22:10:39.000000Z"},{"id":991,"name":"12345","created_at":"2026-06-04T23:41:20.000000Z","updated_at":"2026-06-04T23:41:20.000000Z"},{"id":994,"name":"12345","created_at":"2026-06-05T02:33:28.000000Z","updated_at":"2026-06-05T02:33:28.000000Z"},{"id":997,"name":"12345","created_at":"2026-06-05T02:41:07.000000Z","updated_at":"2026-06-05T02:41:07.000000Z"},{"id":1000,"name":"12345","created_at":"2026-06-05T02:50:59.000000Z","updated_at":"2026-06-05T02:50:59.000000Z"},{"id":1003,"name":"12345","created_at":"2026-06-05T03:05:25.000000Z","updated_at":"2026-06-05T03:05:25.000000Z"},{"id":1006,"name":"12345","created_at":"2026-06-05T03:06:59.000000Z","updated_at":"2026-06-05T03:06:59.000000Z"},{"id":1009,"name":"12345","created_at":"2026-06-05T03:30:10.000000Z","updated_at":"2026-06-05T03:30:10.000000Z"},{"id":1012,"name":"12345","created_at":"2026-06-05T03:41:13.000000Z","updated_at":"2026-06-05T03:41:13.000000Z"},{"id":1015,"name":"12345","created_at":"2026-06-05T04:10:44.000000Z","updated_at":"2026-06-05T04:10:44.000000Z"},{"id":1018,"name":"drift","created_at":"2026-06-05T05:11:48.000000Z","updated_at":"2026-06-05T05:11:48.000000Z"},{"id":1021,"name":"drift","created_at":"2026-06-05T05:28:53.000000Z","updated_at":"2026-06-05T05:28:53.000000Z"},{"id":1024,"name":"drift","created_at":"2026-06-05T05:29:18.000000Z","updated_at":"2026-06-05T05:29:18.000000Z"},{"id":1030,"name":"rally","created_at":"2026-06-05T05:41:12.000000Z","updated_at":"2026-06-05T05:41:12.000000Z"},{"id":1033,"name":"Futsal Professional","created_at":"2026-06-05T05:47:18.000000Z","updated_at":"2026-06-05T05:47:18.000000Z"},{"id":1036,"name":"drift","created_at":"2026-06-05T06:17:24.000000Z","updated_at":"2026-06-05T06:17:24.000000Z"},{"id":1039,"name":"drift","created_at":"2026-06-05T06:24:30.000000Z","updated_at":"2026-06-05T06:24:30.000000Z"},{"id":1042,"name":"drift","created_at":"2026-06-05T06:25:30.000000Z","updated_at":"2026-06-05T06:25:30.000000Z"},{"id":1045,"name":"drift","created_at":"2026-06-05T06:29:27.000000Z","updated_at":"2026-06-05T06:29:27.000000Z"},{"id":1048,"name":"Chess","created_at":"2026-06-05T11:52:23.000000Z","updated_at":"2026-06-05T11:52:30.000000Z"},{"id":1051,"name":"chess","created_at":"2026-06-05T11:58:53.000000Z","updated_at":"2026-06-05T11:58:53.000000Z"},{"id":1054,"name":"chess","created_at":"2026-06-05T12:03:39.000000Z","updated_at":"2026-06-05T12:03:39.000000Z"},{"id":1057,"name":"drift","created_at":"2026-06-05T16:45:23.000000Z","updated_at":"2026-06-05T16:45:23.000000Z"},{"id":1060,"name":"drift","created_at":"2026-06-05T16:46:42.000000Z","updated_at":"2026-06-05T16:46:42.000000Z"},{"id":1066,"name":"drift","created_at":"2026-06-06T00:50:50.000000Z","updated_at":"2026-06-06T00:50:50.000000Z"},{"id":1069,"name":"drift","created_at":"2026-06-06T09:08:20.000000Z","updated_at":"2026-06-06T09:08:20.000000Z"},{"id":1081,"name":"category34","created_at":"2026-06-06T10:47:05.000000Z","updated_at":"2026-06-06T10:47:05.000000Z"},{"id":1084,"name":"Tester","created_at":"2026-06-06T12:33:10.000000Z","updated_at":"2026-06-06T12:33:10.000000Z"},{"id":1087,"name":"Futsal","created_at":"2026-06-06T23:00:22.000000Z","updated_at":"2026-06-06T23:00:22.000000Z"},{"id":1090,"name":"1231434","created_at":"2026-06-07T00:51:13.000000Z","updated_at":"2026-06-07T00:51:13.000000Z"},{"id":1092,"name":"category76","created_at":"2026-06-07T01:38:50.000000Z","updated_at":"2026-06-07T01:38:50.000000Z"},{"id":1098,"name":"Sepakbola Tarkam","created_at":"2026-06-07T02:06:26.000000Z","updated_at":"2026-06-07T02:06:26.000000Z"},{"id":826,"name":"1234456","created_at":"2026-05-23T04:03:18.000000Z","updated_at":"2026-05-23T04:03:18.000000Z"},{"id":829,"name":"1231434","created_at":"2026-05-23T04:08:31.000000Z","updated_at":"2026-05-23T04:08:31.000000Z"},{"id":832,"name":"12345","created_at":"2026-05-23T04:15:09.000000Z","updated_at":"2026-05-23T04:15:09.000000Z"},{"id":835,"name":"Sport_1779509998616","created_at":"2026-05-23T04:19:55.000000Z","updated_at":"2026-05-23T04:19:55.000000Z"},{"id":838,"name":"1231434","created_at":"2026-05-23T04:31:21.000000Z","updated_at":"2026-05-23T04:31:21.000000Z"},{"id":841,"name":"Sport_1779513801239","created_at":"2026-05-23T05:23:21.000000Z","updated_at":"2026-05-23T05:23:21.000000Z"},{"id":844,"name":"1231434","created_at":"2026-05-23T05:36:41.000000Z","updated_at":"2026-05-23T05:36:41.000000Z"},{"id":847,"name":"1231434","created_at":"2026-05-23T12:33:03.000000Z","updated_at":"2026-05-23T12:33:03.000000Z"},{"id":850,"name":"1231434","created_at":"2026-05-23T12:49:37.000000Z","updated_at":"2026-05-23T12:49:37.000000Z"},{"id":853,"name":"1231434","created_at":"2026-05-23T14:22:40.000000Z","updated_at":"2026-05-23T14:22:40.000000Z"},{"id":856,"name":"Sport_1779590584226","created_at":"2026-05-24T02:42:57.000000Z","updated_at":"2026-05-24T02:42:57.000000Z"},{"id":859,"name":"Elektronik","created_at":"2026-06-02T07:07:00.000000Z","updated_at":"2026-06-02T07:07:00.000000Z"},{"id":862,"name":"1231434","created_at":"2026-06-02T08:12:20.000000Z","updated_at":"2026-06-02T08:12:20.000000Z"},{"id":869,"name":"Bulutangkis Ganda","created_at":"2026-06-02T08:52:45.000000Z","updated_at":"2026-06-02T08:52:45.000000Z"},{"id":872,"name":"Basket Liga Super","created_at":"2026-06-02T08:55:40.000000Z","updated_at":"2026-06-02T08:55:40.000000Z"},{"id":875,"name":"category63","created_at":"2026-06-02T08:58:20.000000Z","updated_at":"2026-06-02T08:58:20.000000Z"},{"id":878,"name":"Tenis Meja Tunggal","created_at":"2026-06-02T08:58:21.000000Z","updated_at":"2026-06-02T08:58:21.000000Z"},{"id":881,"name":"Bulutangkis Ganda","created_at":"2026-06-02T09:00:15.000000Z","updated_at":"2026-06-02T09:00:15.000000Z"},{"id":884,"name":"Futsal Professional","created_at":"2026-06-02T13:41:30.000000Z","updated_at":"2026-06-02T13:41:30.000000Z"},{"id":887,"name":"Futsal Professional","created_at":"2026-06-02T14:16:57.000000Z","updated_at":"2026-06-02T14:16:57.000000Z"},{"id":890,"name":"Tarkam","created_at":"2026-06-03T06:51:45.000000Z","updated_at":"2026-06-03T06:51:45.000000Z"},{"id":896,"name":"Tenis Meja Tunggal","created_at":"2026-06-03T07:19:11.000000Z","updated_at":"2026-06-03T07:19:11.000000Z"},{"id":899,"name":"Renang","created_at":"2026-06-03T07:26:00.000000Z","updated_at":"2026-06-03T07:26:00.000000Z"},{"id":902,"name":"Sepak Takraw","created_at":"2026-06-03T07:35:14.000000Z","updated_at":"2026-06-03T07:35:14.000000Z"},{"id":908,"name":"Tenis Meja","created_at":"2026-06-03T07:42:50.000000Z","updated_at":"2026-06-03T07:42:50.000000Z"},{"id":911,"name":"Futsal Professional","created_at":"2026-06-03T14:34:08.000000Z","updated_at":"2026-06-03T14:34:08.000000Z"},{"id":914,"name":"category30","created_at":"2026-06-03T14:41:29.000000Z","updated_at":"2026-06-03T14:41:29.000000Z"},{"id":920,"name":"Tenis Meja","created_at":"2026-06-03T14:45:43.000000Z","updated_at":"2026-06-03T14:45:43.000000Z"},{"id":926,"name":"Tenis Meja","created_at":"2026-06-04T05:01:38.000000Z","updated_at":"2026-06-04T05:01:38.000000Z"},{"id":929,"name":"Futsal Professional","created_at":"2026-06-04T05:11:59.000000Z","updated_at":"2026-06-04T05:11:59.000000Z"},{"id":935,"name":"Tenis Meja","created_at":"2026-06-04T05:26:57.000000Z","updated_at":"2026-06-04T05:26:57.000000Z"},{"id":938,"name":"Renang","created_at":"2026-06-04T05:35:30.000000Z","updated_at":"2026-06-04T05:35:30.000000Z"},{"id":941,"name":"1231434","created_at":"2026-06-04T07:04:33.000000Z","updated_at":"2026-06-04T07:04:33.000000Z"},{"id":944,"name":"Super Leage","created_at":"2026-06-04T09:08:44.000000Z","updated_at":"2026-06-04T09:08:47.000000Z"},{"id":947,"name":"1231434","created_at":"2026-06-04T13:27:21.000000Z","updated_at":"2026-06-04T13:27:21.000000Z"},{"id":950,"name":"1231434","created_at":"2026-06-04T13:36:34.000000Z","updated_at":"2026-06-04T13:36:34.000000Z"},{"id":953,"name":"category32","created_at":"2026-06-04T13:44:37.000000Z","updated_at":"2026-06-04T13:44:38.000000Z"},{"id":956,"name":"1231434","created_at":"2026-06-04T13:54:02.000000Z","updated_at":"2026-06-04T13:54:02.000000Z"},{"id":959,"name":"juggling","created_at":"2026-06-04T13:57:23.000000Z","updated_at":"2026-06-04T13:57:23.000000Z"},{"id":962,"name":"category83","created_at":"2026-06-04T14:05:48.000000Z","updated_at":"2026-06-04T14:05:49.000000Z"},{"id":965,"name":"1231434","created_at":"2026-06-04T14:06:19.000000Z","updated_at":"2026-06-04T14:06:19.000000Z"},{"id":971,"name":"category59","created_at":"2026-06-04T14:14:31.000000Z","updated_at":"2026-06-04T14:14:31.000000Z"},{"id":974,"name":"category13","created_at":"2026-06-04T14:18:51.000000Z","updated_at":"2026-06-04T14:18:51.000000Z"},{"id":977,"name":"category28","created_at":"2026-06-04T14:19:47.000000Z","updated_at":"2026-06-04T14:19:47.000000Z"},{"id":980,"name":"category1780582952432","created_at":"2026-06-04T14:22:29.000000Z","updated_at":"2026-06-04T14:22:29.000000Z"},{"id":983,"name":"category1780583465558","created_at":"2026-06-04T14:31:02.000000Z","updated_at":"2026-06-04T14:31:02.000000Z"},{"id":986,"name":"12345","created_at":"2026-06-04T22:03:32.000000Z","updated_at":"2026-06-04T22:03:32.000000Z"},{"id":989,"name":"12345","created_at":"2026-06-04T23:25:17.000000Z","updated_at":"2026-06-04T23:25:17.000000Z"},{"id":992,"name":"12345","created_at":"2026-06-05T02:27:07.000000Z","updated_at":"2026-06-05T02:27:07.000000Z"},{"id":995,"name":"12345","created_at":"2026-06-05T02:34:29.000000Z","updated_at":"2026-06-05T02:34:29.000000Z"},{"id":998,"name":"12345","created_at":"2026-06-05T02:47:52.000000Z","updated_at":"2026-06-05T02:47:52.000000Z"},{"id":1001,"name":"12345","created_at":"2026-06-05T02:55:08.000000Z","updated_at":"2026-06-05T02:55:08.000000Z"},{"id":1004,"name":"12345","created_at":"2026-06-05T03:05:54.000000Z","updated_at":"2026-06-05T03:05:54.000000Z"},{"id":1007,"name":"12345","created_at":"2026-06-05T03:09:53.000000Z","updated_at":"2026-06-05T03:09:53.000000Z"},{"id":1010,"name":"12345","created_at":"2026-06-05T03:32:34.000000Z","updated_at":"2026-06-05T03:32:34.000000Z"},{"id":1013,"name":"12345","created_at":"2026-06-05T03:54:25.000000Z","updated_at":"2026-06-05T03:54:25.000000Z"},{"id":1016,"name":"12345","created_at":"2026-06-05T04:13:09.000000Z","updated_at":"2026-06-05T04:13:09.000000Z"},{"id":1019,"name":"chess","created_at":"2026-06-05T05:11:48.000000Z","updated_at":"2026-06-05T05:11:48.000000Z"},{"id":1022,"name":"chess","created_at":"2026-06-05T05:28:54.000000Z","updated_at":"2026-06-05T05:28:54.000000Z"},{"id":1025,"name":"chess","created_at":"2026-06-05T05:29:18.000000Z","updated_at":"2026-06-05T05:29:18.000000Z"},{"id":1028,"name":"drift","created_at":"2026-06-05T05:41:12.000000Z","updated_at":"2026-06-05T05:41:12.000000Z"},{"id":1031,"name":"Futsal Professional","created_at":"2026-06-05T05:45:42.000000Z","updated_at":"2026-06-05T05:45:42.000000Z"},{"id":1034,"name":"BOLA AIR","created_at":"2026-06-05T05:47:31.000000Z","updated_at":"2026-06-05T05:47:31.000000Z"},{"id":1037,"name":"chess","created_at":"2026-06-05T06:17:24.000000Z","updated_at":"2026-06-05T06:17:24.000000Z"},{"id":1040,"name":"chess","created_at":"2026-06-05T06:24:30.000000Z","updated_at":"2026-06-05T06:24:30.000000Z"},{"id":1043,"name":"chess","created_at":"2026-06-05T06:25:31.000000Z","updated_at":"2026-06-05T06:25:31.000000Z"},{"id":1046,"name":"chess","created_at":"2026-06-05T06:29:28.000000Z","updated_at":"2026-06-05T06:29:28.000000Z"},{"id":1049,"name":"Super Leage","created_at":"2026-06-05T11:56:32.000000Z","updated_at":"2026-06-05T11:56:55.000000Z"},{"id":1058,"name":"chess","created_at":"2026-06-05T16:45:23.000000Z","updated_at":"2026-06-05T16:45:23.000000Z"},{"id":1061,"name":"chess","created_at":"2026-06-05T16:46:42.000000Z","updated_at":"2026-06-05T16:46:42.000000Z"},{"id":1064,"name":"Super Leage","created_at":"2026-06-05T17:19:11.000000Z","updated_at":"2026-06-05T17:19:12.000000Z"},{"id":1067,"name":"chess","created_at":"2026-06-06T00:50:51.000000Z","updated_at":"2026-06-06T00:50:51.000000Z"},{"id":1070,"name":"chess","created_at":"2026-06-06T09:08:20.000000Z","updated_at":"2026-06-06T09:08:20.000000Z"},{"id":1076,"name":"category20","created_at":"2026-06-06T10:24:07.000000Z","updated_at":"2026-06-06T10:24:07.000000Z"},{"id":1079,"name":"category30","created_at":"2026-06-06T10:24:36.000000Z","updated_at":"2026-06-06T10:24:36.000000Z"},{"id":1085,"name":"1231434","created_at":"2026-06-06T12:37:54.000000Z","updated_at":"2026-06-06T12:37:54.000000Z"},{"id":1088,"name":"Futsal","created_at":"2026-06-06T23:00:35.000000Z","updated_at":"2026-06-06T23:00:35.000000Z"},{"id":1093,"name":"category50","created_at":"2026-06-07T01:43:09.000000Z","updated_at":"2026-06-07T01:43:09.000000Z"},{"id":1099,"name":"Sepakbola Tarkam","created_at":"2026-06-07T02:06:55.000000Z","updated_at":"2026-06-07T02:06:55.000000Z"}]}
https://sport-reservation-2-api-bootcamp.do.dibimbing.id/api/
Status Code : 200
]]></system-out>
  </testcase>
  <testcase name="updateSportCategories" classname="tests.sportcategory.SportCategoryTest" time="0.089">
    <system-out><![CDATA[Create Response: {"error":false,"result":{"id":1099,"name":"Super Leage","created_at":"2026-06-07T02:06:55.000000Z","updated_at":"2026-06-07T02:06:56.000000Z"},"message":"data saved"}
https://sport-reservation-2-api-bootcamp.do.dibimbing.id/api/
Status Code 200
]]></system-out>
  </testcase>
  <testcase name="deleteSportCategories" classname="tests.sportcategory.SportCategoryTest" time="0.077">
    <system-out><![CDATA[Get Response: {"error":false,"message":"Data deleted successfully"}
https://sport-reservation-2-api-bootcamp.do.dibimbing.id/api/
Status Code : 200
]]></system-out>
  </testcase>
  <testcase name="createSportActivity" classname="tests.sportactivity.SportActivityTest" time="0.243">
    <system-out><![CDATA[Create Response: {"error":false,"result":{"user_id":578,"sport_category_id":"22","city_id":3172,"title":"Futsal","description":"Tarkam","price":70000,"price_discount":null,"slot":1,"address":"Lapangan Sulaiman","map_url":"https:\/\/maps.app.goo.gl\/h1AV4bfB2cojJMxK7","activity_date":"2026-06-08","start_time":"09:00","end_time":"10:00","updated_at":"2026-06-07T02:06:56.000000Z","created_at":"2026-06-07T02:06:56.000000Z","id":1098},"message":"data saved"}
Created Activity ID: 1098
]]></system-out>
  </testcase>
  <testcase name="getActivityById" classname="tests.sportactivity.SportActivityTest" time="0.306">
    <system-out><![CDATA[HTTP/1.1 200 OK
Server: nginx
Date: Sun, 07 Jun 2026 02:06:56 GMT
Content-Type: application/json
Transfer-Encoding: chunked
Connection: keep-alive
Vary: Accept-Encoding
X-Powered-By: PHP/8.2.30
Cache-Control: no-cache, private
Access-Control-Allow-Origin: *
Strict-Transport-Security: max-age=31536000
Content-Encoding: gzip

{
    "error": false,
    "result": {
        "id": 1098,
        "sport_category_id": 22,
        "city_id": 3172,
        "user_id": 578,
        "title": "Futsal",
        "description": "Tarkam",
        "price": 70000,
        "price_discount": null,
        "slot": 1,
        "address": "Lapangan Sulaiman",
        "map_url": "https://maps.app.goo.gl/h1AV4bfB2cojJMxK7",
        "activity_date": "2026-06-08",
        "start_time": "09:00:00",
        "end_time": "10:00:00",
        "created_at": "2026-06-07T02:06:56.000000Z",
        "updated_at": "2026-06-07T02:06:56.000000Z",
        "organizer": {
            "id": 578,
            "name": "Fachrul",
            "email": "fachrul20@gmail.com"
        },
        "city": {
            "city_id": 3172,
            "province_id": 31,
            "city_name": "Jakarta Timur",
            "city_name_full": "Kota Jakarta Timur",
            "city_type": "kota",
            "city_lat": null,
            "city_lon": null,
            "province": {
                "province_id": 31,
                "province_name": "DKI Jakarta",
                "province_name_abbr": "DKI",
                "province_name_id": "DKI Jakarta",
                "province_name_en": "Special Capital Region of Jakarta",
                "province_capital_city_id": 3173,
                "iso_code": "ID-JK",
                "iso_name": "Jakarta Raya",
                "iso_type": "special district",
                "iso_geounit": "JW",
                "timezone": 7,
                "province_lat": -6.21154,
                "province_lon": 106.845169
            }
        },
        "sport_category": null,
        "participants": [
            
        ]
    }
}
Get Response : {"error":false,"result":{"id":1098,"sport_category_id":22,"city_id":3172,"user_id":578,"title":"Futsal","description":"Tarkam","price":70000,"price_discount":null,"slot":1,"address":"Lapangan Sulaiman","map_url":"https:\/\/maps.app.goo.gl\/h1AV4bfB2cojJMxK7","activity_date":"2026-06-08","start_time":"09:00:00","end_time":"10:00:00","created_at":"2026-06-07T02:06:56.000000Z","updated_at":"2026-06-07T02:06:56.000000Z","organizer":{"id":578,"name":"Fachrul","email":"fachrul20@gmail.com"},"city":{"city_id":3172,"province_id":31,"city_name":"Jakarta Timur","city_name_full":"Kota Jakarta Timur","city_type":"kota","city_lat":null,"city_lon":null,"province":{"province_id":31,"province_name":"DKI Jakarta","province_name_abbr":"DKI","province_name_id":"DKI Jakarta","province_name_en":"Special Capital Region of Jakarta","province_capital_city_id":3173,"iso_code":"ID-JK","iso_name":"Jakarta Raya","iso_type":"special district","iso_geounit":"JW","timezone":7,"province_lat":-6.21154,"province_lon":106.845169}},"sport_category":null,"participants":[]}}
]]></system-out>
  </testcase>
  <testcase name="getSportActivity" classname="tests.sportactivity.SportActivityTest" time="0.352">
    <system-out><![CDATA[HTTP/1.1 200 OK
Server: nginx
Date: Sun, 07 Jun 2026 02:06:57 GMT
Content-Type: application/json
Transfer-Encoding: chunked
Connection: keep-alive
Vary: Accept-Encoding
X-Powered-By: PHP/8.2.30
Cache-Control: no-cache, private
Access-Control-Allow-Origin: *
Strict-Transport-Security: max-age=31536000
Content-Encoding: gzip

{
    "error": false,
    "result": {
        "current_page": 1,
        "data": [
            {
                "id": 9,
                "sport_category_id": 2,
                "city_id": 1101,
                "user_id": 84,
                "title": "Futsal Asik",
                "price": 50000,
                "price_discount": null,
                "slot": 1,
                "address": "Lapangan Lapang",
                "activity_date": "2025-01-29",
                "start_time": "13:07:00",
                "end_time": "14:07:00",
                "created_at": "2025-01-28T06:08:00.000000Z",
                "updated_at": "2025-01-28T06:08:00.000000Z",
                "organizer": {
                    "id": 84,
                    "name": "rinta",
                    "email": "email@email.com"
                },
                "city": {
                    "city_id": 1101,
                    "province_id": 11,
                    "city_name": "Simeulue",
                    "city_name_full": "Kabupaten Simeulue",
                    "city_type": "kabupaten",
                    "city_lat": null,
                    "city_lon": null,
                    "province": {
                        "province_id": 11,
                        "province_name": "Aceh",
                        "province_name_abbr": "NAD",
                        "province_name_id": "Nanggroe Aceh Darussalam",
                        "province_name_en": "Nanggroe Aceh Darussalam",
                        "province_capital_city_id": 1171,
                        "iso_code": "ID-AC",
                        "iso_name": "Aceh",
                        "iso_type": "autonomous province",
                        "iso_geounit": "SM",
                        "timezone": 7,
                        "province_lat": 4.695135,
                        "province_lon": 96.749397
                    }
                },
                "sport_category": null,
                "participants": [
                    {
                        "id": 6,
                        "sport_activity_id": 9,
                        "user_id": 84,
                        "user": {
                            "id": 84,
                            "name": "rinta",
                            "email": "email@email.com"
                        }
                    },
                    {
                        "id": 42,
                        "sport_activity_id": 9,
                        "user_id": 84,
                        "user": {
                            "id": 84,
                            "name": "rinta",
                            "email": "email@email.com"
                        }
                    },
                    {
                        "id": 95,
                        "sport_activity_id": 9,
                        "user_id": 80,
                        "user": {
                            "id": 80,
                            "name": "ademaulana",
                            "email": "user321@gmail.com"
                        }
                    },
                    {
                        "id": 96,
                        "sport_activity_id": 9,
                        "user_id": 118,
                        "user": {
                            "id": 118,
                            "name": "Daniel Maruli Sitohang",
                            "email": "daniel@gmail.com"
                        }
                    },
                    {
                        "id": 98,
                        "sport_activity_id": 9,
                        "user_id": 80,
                        "user": {
                            "id": 80,
                            "name": "ademaulana",
                            "email": "user321@gmail.com"
                        }
                    },
                    {
                        "id": 107,
                        "sport_activity_id": 9,
                        "user_id": 118,
                        "user": {
                            "id": 118,
                            "name": "Daniel Maruli Sitohang",
                            "email": "daniel@gmail.com"
                        }
                    },
                    {
                        "id": 114,
                        "sport_activity_id": 9,
                        "user_id": 80,
                        "user": {
                            "id": 80,
                            "name": "ademaulana",
                            "email": "user321@gmail.com"
                        }
                    },
                    {
                        "id": 132,
                        "sport_activity_id": 9,
                        "user_id": 38,
                        "user": {
                            "id": 38,
                            "name": "Ade Maulana",
                            "email": "ademaulana100499@gmail.com"
                        }
                    },
                    {
                        "id": 143,
                        "sport_activity_id": 9,
                        "user_id": 126,
                        "user": {
                            "id": 126,
                            "name": "Lestari",
                            "email": "lestari@email.com"
                        }
                    },
                    {
                        "id": 147,
                        "sport_activity_id": 9,
                        "user_id": 126,
                        "user": {
                            "id": 126,
                            "name": "Lestari",
                            "email": "lestari@email.com"
                        }
                    },
                    {
                        "id": 148,
                        "sport_activity_id": 9,
                        "user_id": 126,
                        "user": {
                            "id": 126,
                            "name": "Lestari",
                            "email": "lestari@email.com"
                        }
                    },
                    {
                        "id": 149,
                        "sport_activity_id": 9,
                        "user_id": 126,
                        "user": {
                            "id": 126,
                            "name": "Lestari",
                            "email": "lestari@email.com"
                        }
                    },
                    {
                        "id": 150,
                        "sport_activity_id": 9,
                        "user_id": 126,
                        "user": {
                            "id": 126,
                            "name": "Lestari",
                            "email": "lestari@email.com"
                        }
                    },
                    {
                        "id": 152,
                        "sport_activity_id": 9,
                        "user_id": 126,
                        "user": {
                            "id": 126,
                            "name": "Lestari",
                            "email": "lestari@email.com"
                        }
                    },
                    {
                        "id": 185,
                        "sport_activity_id": 9,
                        "user_id": 126,
                        "user": {
                            "id": 126,
                            "name": "Lestari",
                            "email": "lestari@email.com"
                        }
                    }
                ]
            },
            {
                "id": 1,
                "sport_category_id": 2,
                "city_id": 3172,
                "user_id": 56,
                "title": "Sepak bola asik, join yuk",
                "price": 70000,
                "price_discount": null,
                "slot": 2,
                "address": "Lapangan Revo, Jakarta Timur",
                "activity_date": "2025-02-01",
                "start_time": "06:00:00",
                "end_time": "07:00:00",
                "created_at": "2024-08-13T04:41:11.000000Z",
                "updated_at": "2025-01-30T15:49:17.000000Z",
                "organizer": {
                    "id": 56,
                    "name": "claudio",
                    "email": "adminclaudio@gmail.com"
                },
                "city": {
                    "city_id": 3172,
                    "province_id": 31,
                    "city_name": "Jakarta Timur",
                    "city_name_full": "Kota Jakarta Timur",
                    "city_type": "kota",
                    "city_lat": null,
                    "city_lon": null,
                    "province": {
                        "province_id": 31,
                        "province_name": "DKI Jakarta",
                        "province_name_abbr": "DKI",
                        "province_name_id": "DKI Jakarta",
                        "province_name_en": "Special Capital Region of Jakarta",
                        "province_capital_city_id": 3173,
                        "iso_code": "ID-JK",
                        "iso_name": "Jakarta Raya",
                        "iso_type": "special district",
                        "iso_geounit": "JW",
                        "timezone": 7,
                        "province_lat": -6.21154,
                        "province_lon": 106.845169
                    }
                },
                "sport_category": null,
                "participants": [
                    {
                        "id": 1,
                        "sport_activity_id": 1,
                        "user_id": 2,
                        "user": {
                            "id": 2,
                            "name": "Syukran",
                            "email": "marvin@gmail.com"
                        }
                    },
                    {
                        "id": 2,
                        "sport_activity_id": 1,
                        "user_id": 3,
                        "user": {
                            "id": 3,
                            "name": "Han",
                            "email": "syukran@gmail.com"
                        }
                    },
                    {
                        "id": 3,
                        "sport_activity_id": 1,
                        "user_id": 3,
                        "user": {
                            "id": 3,
                            "name": "Han",
                            "email": "syukran@gmail.com"
                        }
                    },
                    {
                        "id": 4,
                        "sport_activity_id": 1,
                        "user_id": 3,
                        "user": {
                            "id": 3,
                            "name": "Han",
                            "email": "syukran@gmail.com"
                        }
                    },
                    {
                        "id": 5,
                        "sport_activity_id": 1,
                        "user_id": 52,
                        "user": {
                            "id": 52,
                            "name": "user2",
                            "email": "user2@gmail.com"
                        }
                    },
                    {
                        "id": 7,
                        "sport_activity_id": 1,
                        "user_id": 3,
                        "user": {
                            "id": 3,
                            "name": "Han",
                            "email": "syukran@gmail.com"
                        }
                    },
                    {
                        "id": 8,
                        "sport_activity_id": 1,
                        "user_id": 18,
                        "user": {
                            "id": 18,
                            "name": "user1",
                            "email": "user1@gmail.com"
                        }
                    },
                    {
                        "id": 9,
                        "sport_activity_id": 1,
                        "user_id": 18,
                        "user": {
                            "id": 18,
                            "name": "user1",
                            "email": "user1@gmail.com"
                        }
                    },
                    {
                        "id": 12,
                        "sport_activity_id": 1,
                        "user_id": 79,
                        "user": {
                            "id": 79,
                            "name": "ademaulana",
                            "email": "admin321@gmail.com"
                        }
                    },
                    {
                        "id": 13,
                        "sport_activity_id": 1,
                        "user_id": 79,
                        "user": {
                            "id": 79,
                            "name": "ademaulana",
                            "email": "admin321@gmail.com"
                        }
                    },
                    {
                        "id": 15,
                        "sport_activity_id": 1,
                        "user_id": 38,
                        "user": {
                            "id": 38,
                            "name": "Ade Maulana",
                            "email": "ademaulana100499@gmail.com"
                        }
                    },
                    {
                        "id": 26,
                        "sport_activity_id": 1,
                        "user_id": 19,
                        "user": {
                            "id": 19,
                            "name": "bisa1",
                            "email": "bisa@gmail.com"
                        }
                    },
                    {
                        "id": 27,
                        "sport_activity_id": 1,
                        "user_id": 52,
                        "user": {
                            "id": 52,
                            "name": "user2",
                            "email": "user2@gmail.com"
                        }
                    },
                    {
                        "id": 28,
                        "sport_activity_id": 1,
                        "user_id": 52,
                        "user": {
                            "id": 52,
                            "name": "user2",
                            "email": "user2@gmail.com"
                        }
                    },
                    {
                        "id": 32,
                        "sport_activity_id": 1,
                        "user_id": 80,
                        "user": {
                            "id": 80,
                            "name": "ademaulana",
                            "email": "user321@gmail.com"
                        }
                    },
                    {
                        "id": 33,
                        "sport_activity_id": 1,
                        "user_id": 1,
                        "user": {
                            "id": 1,
                            "name": "Syukran",
                            "email": "dibimbingsport@gmail.com"
                        }
                    },
                    {
                        "id": 34,
                        "sport_activity_id": 1,
                        "user_id": 38,
                        "user": {
                            "id": 38,
                            "name": "Ade Maulana",
                            "email": "ademaulana100499@gmail.com"
                        }
                    },
                    {
                        "id": 35,
                        "sport_activity_id": 1,
                        "user_id": 38,
                        "user": {
                            "id": 38,
                            "name": "Ade Maulana",
                            "email": "ademaulana100499@gmail.com"
                        }
                    },
                    {
                        "id": 36,
                        "sport_activity_id": 1,
                        "user_id": 38,
                        "user": {
                            "id": 38,
                            "name": "Ade Maulana",
                            "email": "ademaulana100499@gmail.com"
                        }
                    },
                    {
                        "id": 37,
                        "sport_activity_id": 1,
                        "user_id": 38,
                        "user": {
                            "id": 38,
                            "name": "Ade Maulana",
                            "email": "ademaulana100499@gmail.com"
                        }
                    },
                    {
                        "id": 38,
                        "sport_activity_id": 1,
                        "user_id": 56,
                        "user": {
                            "id": 56,
                            "name": "claudio",
                            "email": "adminclaudio@gmail.com"
                        }
                    },
                    {
                        "id": 39,
                        "sport_activity_id": 1,
                        "user_id": 3,
                        "user": {
                            "id": 3,
                            "name": "Han",
                            "email": "syukran@gmail.com"
                        }
                    },
                    {
                        "id": 41,
                        "sport_activity_id": 1,
                        "user_id": 3,
                        "user": {
                            "id": 3,
                            "name": "Han",
                            "email": "syukran@gmail.com"
                        }
                    },
                    {
                        "id": 43,
                        "sport_activity_id": 1,
                        "user_id": 3,
                        "user": {
                            "id": 3,
                            "name": "Han",
                            "email": "syukran@gmail.com"
                        }
                    },
                    {
                        "id": 44,
                        "sport_activity_id": 1,
                        "user_id": 80,
                        "user": {
                            "id": 80,
                            "name": "ademaulana",
                            "email": "user321@gmail.com"
                        }
                    },
                    {
                        "id": 46,
                        "sport_activity_id": 1,
                        "user_id": 80,
                        "user": {
                            "id": 80,
                            "name": "ademaulana",
                            "email": "user321@gmail.com"
                        }
                    },
                    {
                        "id": 49,
                        "sport_activity_id": 1,
                        "user_id": 56,
                        "user": {
                            "id": 56,
                            "name": "claudio",
                            "email": "adminclaudio@gmail.com"
                        }
                    },
                    {
                        "id": 51,
                        "sport_activity_id": 1,
                        "user_id": 38,
                        "user": {
                            "id": 38,
                            "name": "Ade Maulana",
                            "email": "ademaulana100499@gmail.com"
                        }
                    },
                    {
                        "id": 52,
                        "sport_activity_id": 1,
                        "user_id": 38,
                        "user": {
                            "id": 38,
                            "name": "Ade Maulana",
                            "email": "ademaulana100499@gmail.com"
                        }
                    },
                    {
                        "id": 69,
                        "sport_activity_id": 1,
                        "user_id": 38,
                        "user": {
                            "id": 38,
                            "name": "Ade Maulana",
                            "email": "ademaulana100499@gmail.com"
                        }
                    },
                    {
                        "id": 78,
                        "sport_activity_id": 1,
                        "user_id": 94,
                        "user": {
                            "id": 94,
                            "name": "dio binzz",
                            "email": "dioxyz06@gmail.com"
                        }
                    },
                    {
                        "id": 90,
                        "sport_activity_id": 1,
                        "user_id": 80,
                        "user": {
                            "id": 80,
                            "name": "ademaulana",
                            "email": "user321@gmail.com"
                        }
                    },
                    {
                        "id": 92,
                        "sport_activity_id": 1,
                        "user_id": 38,
                        "user": {
                            "id": 38,
                            "name": "Ade Maulana",
                            "email": "ademaulana100499@gmail.com"
                        }
                    },
                    {
                        "id": 97,
                        "sport_activity_id": 1,
                        "user_id": 118,
                        "user": {
                            "id": 118,
                            "name": "Daniel Maruli Sitohang",
                            "email": "daniel@gmail.com"
                        }
                    },
                    {
                        "id": 99,
                        "sport_activity_id": 1,
                        "user_id": 52,
                        "user": {
                            "id": 52,
                            "name": "user2",
                            "email": "user2@gmail.com"
                        }
                    },
                    {
                        "id": 100,
                        "sport_activity_id": 1,
                        "user_id": 52,
                        "user": {
                            "id": 52,
                            "name": "user2",
                            "email": "user2@gmail.com"
                        }
                    },
                    {
                        "id": 102,
                        "sport_activity_id": 1,
                        "user_id": 3,
                        "user": {
                            "id": 3,
                            "name": "Han",
                            "email": "syukran@gmail.com"
                        }
                    },
                    {
                        "id": 108,
                        "sport_activity_id": 1,
                        "user_id": 118,
                        "user": {
                            "id": 118,
                            "name": "Daniel Maruli Sitohang",
                            "email": "daniel@gmail.com"
                        }
                    },
                    {
                        "id": 109,
                        "sport_activity_id": 1,
                        "user_id": 118,
                        "user": {
                            "id": 118,
                            "name": "Daniel Maruli Sitohang",
                            "email": "daniel@gmail.com"
                        }
                    },
                    {
                        "id": 110,
                        "sport_activity_id": 1,
                        "user_id": 118,
                        "user": {
                            "id": 118,
                            "name": "Daniel Maruli Sitohang",
                            "email": "daniel@gmail.com"
                        }
                    },
                    {
                        "id": 111,
                        "sport_activity_id": 1,
                        "user_id": 118,
                        "user": {
                            "id": 118,
                            "name": "Daniel Maruli Sitohang",
                            "email": "daniel@gmail.com"
                        }
                    },
                    {
                        "id": 112,
                        "sport_activity_id": 1,
                        "user_id": 118,
                        "user": {
                            "id": 118,
                            "name": "Daniel Maruli Sitohang",
                            "email": "daniel@gmail.com"
                        }
                    },
                    {
                        "id": 116,
                        "sport_activity_id": 1,
                        "user_id": 126,
                        "user": {
                            "id": 126,
                            "name": "Lestari",
                            "email": "lestari@email.com"
                        }
                    },
                    {
                        "id": 117,
                        "sport_activity_id": 1,
                        "user_id": 126,
                        "user": {
                            "id": 126,
                            "name": "Lestari",
                            "email": "lestari@email.com"
                        }
                    },
                    {
                        "id": 118,
                        "sport_activity_id": 1,
                        "user_id": 126,
                        "user": {
                            "id": 126,
                            "name": "Lestari",
                            "email": "lestari@email.com"
                        }
                    },
                    {
                        "id": 119,
                        "sport_activity_id": 1,
                        "user_id": 126,
                        "user": {
                            "id": 126,
                            "name": "Lestari",
                            "email": "lestari@email.com"
                        }
                    },
                    {
                        "id": 120,
                        "sport_activity_id": 1,
                        "user_id": 126,
                        "user": {
                            "id": 126,
                            "name": "Lestari",
                            "email": "lestari@email.com"
                        }
                    },
                    {
                        "id": 121,
                        "sport_activity_id": 1,
                        "user_id": 3,
                        "user": {
                            "id": 3,
                            "name": "Han",
                            "email": "syukran@gmail.com"
                        }
                    },
                    {
                        "id": 122,
                        "sport_activity_id": 1,
                        "user_id": 52,
                        "user": {
                            "id": 52,
                            "name": "user2",
                            "email": "user2@gmail.com"
                        }
                    },
                    {
                        "id": 123,
                        "sport_activity_id": 1,
                        "user_id": 38,
                        "user": {
                            "id": 38,
                            "name": "Ade Maulana",
                            "email": "ademaulana100499@gmail.com"
                        }
                    },
                    {
                        "id": 124,
                        "sport_activity_id": 1,
                        "user_id": 18,
                        "user": {
                            "id": 18,
                            "name": "user1",
                            "email": "user1@gmail.com"
                        }
                    },
                    {
                        "id": 125,
                        "sport_activity_id": 1,
                        "user_id": 38,
                        "user": {
                            "id": 38,
                            "name": "Ade Maulana",
                            "email": "ademaulana100499@gmail.com"
                        }
                    },
                    {
                        "id": 127,
                        "sport_activity_id": 1,
                        "user_id": 79,
                        "user": {
                            "id": 79,
                            "name": "ademaulana",
                            "email": "admin321@gmail.com"
                        }
                    },
                    {
                        "id": 128,
                        "sport_activity_id": 1,
                        "user_id": 38,
                        "user": {
                            "id": 38,
                            "name": "Ade Maulana",
                            "email": "ademaulana100499@gmail.com"
                        }
                    },
                    {
                        "id": 129,
                        "sport_activity_id": 1,
                        "user_id": 79,
                        "user": {
                            "id": 79,
                            "name": "ademaulana",
                            "email": "admin321@gmail.com"
                        }
                    },
                    {
                        "id": 130,
                        "sport_activity_id": 1,
                        "user_id": 52,
                        "user": {
                            "id": 52,
                            "name": "user2",
                            "email": "user2@gmail.com"
                        }
                    },
                    {
                        "id": 131,
                        "sport_activity_id": 1,
                        "user_id": 79,
                        "user": {
                            "id": 79,
                            "name": "ademaulana",
                            "email": "admin321@gmail.com"
                        }
                    },
                    {
                        "id": 133,
                        "sport_activity_id": 1,
                        "user_id": 38,
                        "user": {
                            "id": 38,
                            "name": "Ade Maulana",
                            "email": "ademaulana100499@gmail.com"
                        }
                    },
                    {
                        "id": 134,
                        "sport_activity_id": 1,
                        "user_id": 52,
                        "user": {
                            "id": 52,
                            "name": "user2",
                            "email": "user2@gmail.com"
                        }
                    },
                    {
                        "id": 135,
                        "sport_activity_id": 1,
                        "user_id": 126,
                        "user": {
                            "id": 126,
                            "name": "Lestari",
                            "email": "lestari@email.com"
                        }
                    },
                    {
                        "id": 140,
                        "sport_activity_id": 1,
                        "user_id": 136,
                        "user": {
                            "id": 136,
                            "name": "alamku",
                            "email": "alamku@email.com"
                        }
                    },
                    {
                        "id": 145,
                        "sport_activity_id": 1,
                        "user_id": 38,
                        "user": {
                            "id": 38,
                            "name": "Ade Maulana",
                            "email": "ademaulana100499@gmail.com"
                        }
                    },
                    {
                        "id": 166,
                        "sport_activity_id": 1,
                        "user_id": 52,
                        "user": {
                            "id": 52,
                            "name": "user2",
                            "email": "user2@gmail.com"
                        }
                    },
                    {
                        "id": 167,
                        "sport_activity_id": 1,
                        "user_id": 52,
                        "user": {
                            "id": 52,
                            "name": "user2",
                            "email": "user2@gmail.com"
                        }
                    },
                    {
                        "id": 184,
                        "sport_activity_id": 1,
                        "user_id": 52,
                        "user": {
                            "id": 52,
                            "name": "user2",
                            "email": "user2@gmail.com"
                        }
                    },
                    {
                        "id": 190,
                        "sport_activity_id": 1,
                        "user_id": 52,
                        "user": {
                            "id": 52,
                            "name": "user2",
                            "email": "user2@gmail.com"
                        }
                    },
                    {
                        "id": 191,
                        "sport_activity_id": 1,
                        "user_id": 52,
                        "user": {
                            "id": 52,
                            "name": "user2",
                            "email": "user2@gmail.com"
                        }
                    },
                    {
                        "id": 192,
                        "sport_activity_id": 1,
                        "user_id": 52,
                        "user": {
                            "id": 52,
                            "name": "user2",
                            "email": "user2@gmail.com"
                        }
                    },
                    {
                        "id": 193,
                        "sport_activity_id": 1,
                        "user_id": 52,
                        "user": {
                            "id": 52,
                            "name": "user2",
                            "email": "user2@gmail.com"
                        }
                    },
                    {
                        "id": 194,
                        "sport_activity_id": 1,
                        "user_id": 52,
                        "user": {
                            "id": 52,
                            "name": "user2",
                            "email": "user2@gmail.com"
                        }
                    }
                ]
            },
            {
                "id": 2,
                "sport_category_id": 2,
                "city_id": 3172,
                "user_id": 56,
                "title": "Sepak bola asik, join yuk",
                "price": 70000,
                "price_discount": null,
                "slot": 2,
                "address": "Lapangan Revo, Jakarta Timur",
                "activity_date": "2025-02-01",
                "start_time": "06:00:00",
                "end_time": "07:00:00",
                "created_at": "2024-09-22T07:06:59.000000Z",
                "updated_at": "2025-01-30T15:49:54.000000Z",
                "organizer": {
                    "id": 56,
                    "name": "claudio",
                    "email": "adminclaudio@gmail.com"
                },
                "city": {
                    "city_id": 3172,
                    "province_id": 31,
                    "city_name": "Jakarta Timur",
                    "city_name_full": "Kota Jakarta Timur",
                    "city_type": "kota",
                    "city_lat": null,
                    "city_lon": null,
                    "province": {
                        "province_id": 31,
                        "province_name": "DKI Jakarta",
                        "province_name_abbr": "DKI",
                        "province_name_id": "DKI Jakarta",
                        "province_name_en": "Special Capital Region of Jakarta",
                        "province_capital_city_id": 3173,
                        "iso_code": "ID-JK",
                        "iso_name": "Jakarta Raya",
                        "iso_type": "special district",
                        "iso_geounit": "JW",
                        "timezone": 7,
                        "province_lat": -6.21154,
                        "province_lon": 106.845169
                    }
                },
                "sport_category": null,
                "participants": [
                    {
                        "id": 10,
                        "sport_activity_id": 2,
                        "user_id": 3,
                        "user": {
                            "id": 3,
                            "name": "Han",
                            "email": "syukran@gmail.com"
                        }
                    },
                    {
                        "id": 20,
                        "sport_activity_id": 2,
                        "user_id": 3,
                        "user": {
                            "id": 3,
                            "name": "Han",
                            "email": "syukran@gmail.com"
                        }
                    },
                    {
                        "id": 40,
                        "sport_activity_id": 2,
                        "user_id": 3,
                        "user": {
                            "id": 3,
                            "name": "Han",
                            "email": "syukran@gmail.com"
                        }
                    },
                    {
                        "id": 126,
                        "sport_activity_id": 2,
                        "user_id": 3,
                        "user": {
                            "id": 3,
                            "name": "Han",
                            "email": "syukran@gmail.com"
                        }
                    }
                ]
            },
            {
                "id": 10,
                "sport_category_id": 9,
                "city_id": 3172,
                "user_id": 79,
                "title": "Golf Nihh gass lah",
                "price": 150000,
                "price_discount": null,
                "slot": 2,
                "address": "Lapangan Golf, Tangerang",
                "activity_date": "2025-08-14",
                "start_time": "06:00:00",
                "end_time": "07:00:00",
                "created_at": "2025-01-29T16:15:10.000000Z",
                "updated_at": "2025-02-05T08:14:03.000000Z",
                "organizer": {
                    "id": 79,
                    "name": "ademaulana",
                    "email": "admin321@gmail.com"
                },
                "city": {
                    "city_id": 3172,
                    "province_id": 31,
                    "city_name": "Jakarta Timur",
                    "city_name_full": "Kota Jakarta Timur",
                    "city_type": "kota",
                    "city_lat": null,
                    "city_lon": null,
                    "province": {
                        "province_id": 31,
                        "province_name": "DKI Jakarta",
                        "province_name_abbr": "DKI",
                        "province_name_id": "DKI Jakarta",
                        "province_name_en": "Special Capital Region of Jakarta",
                        "province_capital_city_id": 3173,
                        "iso_code": "ID-JK",
                        "iso_name": "Jakarta Raya",
                        "iso_type": "special district",
                        "iso_geounit": "JW",
                        "timezone": 7,
                        "province_lat": -6.21154,
                        "province_lon": 106.845169
                    }
                },
                "sport_category": null,
                "participants": [
                    {
                        "id": 22,
                        "sport_activity_id": 10,
                        "user_id": 38,
                        "user": {
                            "id": 38,
                            "name": "Ade Maulana",
                            "email": "ademaulana100499@gmail.com"
                        }
                    },
                    {
                        "id": 66,
                        "sport_activity_id": 10,
                        "user_id": 17,
                        "user": {
                            "id": 17,
                            "name": "nijam",
                            "email": "admin@gmail.com"
                        }
                    },
                    {
                        "id": 68,
                        "sport_activity_id": 10,
                        "user_id": 38,
                        "user": {
                            "id": 38,
                            "name": "Ade Maulana",
                            "email": "ademaulana100499@gmail.com"
                        }
                    },
                    {
                        "id": 151,
                        "sport_activity_id": 10,
                        "user_id": 126,
                        "user": {
                            "id": 126,
                            "name": "Lestari",
                            "email": "lestari@email.com"
                        }
                    }
                ]
            },
            {
                "id": 8,
                "sport_category_id": 1,
                "city_id": 3172,
                "user_id": 79,
                "title": "Sepak bola anak bogor",
                "price": 70000,
                "price_discount": null,
                "slot": 2,
                "address": "Lapangan Revo, Bogor utara",
                "activity_date": "2025-02-12",
                "start_time": "06:00:00",
                "end_time": "07:00:00",
                "created_at": "2025-01-20T05:52:26.000000Z",
                "updated_at": "2025-02-05T08:40:57.000000Z",
                "organizer": {
                    "id": 79,
                    "name": "ademaulana",
                    "email": "admin321@gmail.com"
                },
                "city": {
                    "city_id": 3172,
                    "province_id": 31,
                    "city_name": "Jakarta Timur",
                    "city_name_full": "Kota Jakarta Timur",
                    "city_type": "kota",
                    "city_lat": null,
                    "city_lon": null,
                    "province": {
                        "province_id": 31,
                        "province_name": "DKI Jakarta",
                        "province_name_abbr": "DKI",
                        "province_name_id": "DKI Jakarta",
                        "province_name_en": "Special Capital Region of Jakarta",
                        "province_capital_city_id": 3173,
                        "iso_code": "ID-JK",
                        "iso_name": "Jakarta Raya",
                        "iso_type": "special district",
                        "iso_geounit": "JW",
                        "timezone": 7,
                        "province_lat": -6.21154,
                        "province_lon": 106.845169
                    }
                },
                "sport_category": null,
                "participants": [
                    {
                        "id": 11,
                        "sport_activity_id": 8,
                        "user_id": 3,
                        "user": {
                            "id": 3,
                            "name": "Han",
                            "email": "syukran@gmail.com"
                        }
                    },
                    {
                        "id": 14,
                        "sport_activity_id": 8,
[...]
n","email":"syukran@gmail.com"}},{"id":43,"sport_activity_id":1,"user_id":3,"user":{"id":3,"name":"Han","email":"syukran@gmail.com"}},{"id":44,"sport_activity_id":1,"user_id":80,"user":{"id":80,"name":"ademaulana","email":"user321@gmail.com"}},{"id":46,"sport_activity_id":1,"user_id":80,"user":{"id":80,"name":"ademaulana","email":"user321@gmail.com"}},{"id":49,"sport_activity_id":1,"user_id":56,"user":{"id":56,"name":"claudio","email":"adminclaudio@gmail.com"}},{"id":51,"sport_activity_id":1,"user_id":38,"user":{"id":38,"name":"Ade Maulana","email":"ademaulana100499@gmail.com"}},{"id":52,"sport_activity_id":1,"user_id":38,"user":{"id":38,"name":"Ade Maulana","email":"ademaulana100499@gmail.com"}},{"id":69,"sport_activity_id":1,"user_id":38,"user":{"id":38,"name":"Ade Maulana","email":"ademaulana100499@gmail.com"}},{"id":78,"sport_activity_id":1,"user_id":94,"user":{"id":94,"name":"dio binzz","email":"dioxyz06@gmail.com"}},{"id":90,"sport_activity_id":1,"user_id":80,"user":{"id":80,"name":"ademaulana","email":"user321@gmail.com"}},{"id":92,"sport_activity_id":1,"user_id":38,"user":{"id":38,"name":"Ade Maulana","email":"ademaulana100499@gmail.com"}},{"id":97,"sport_activity_id":1,"user_id":118,"user":{"id":118,"name":"Daniel Maruli Sitohang","email":"daniel@gmail.com"}},{"id":99,"sport_activity_id":1,"user_id":52,"user":{"id":52,"name":"user2","email":"user2@gmail.com"}},{"id":100,"sport_activity_id":1,"user_id":52,"user":{"id":52,"name":"user2","email":"user2@gmail.com"}},{"id":102,"sport_activity_id":1,"user_id":3,"user":{"id":3,"name":"Han","email":"syukran@gmail.com"}},{"id":108,"sport_activity_id":1,"user_id":118,"user":{"id":118,"name":"Daniel Maruli Sitohang","email":"daniel@gmail.com"}},{"id":109,"sport_activity_id":1,"user_id":118,"user":{"id":118,"name":"Daniel Maruli Sitohang","email":"daniel@gmail.com"}},{"id":110,"sport_activity_id":1,"user_id":118,"user":{"id":118,"name":"Daniel Maruli Sitohang","email":"daniel@gmail.com"}},{"id":111,"sport_activity_id":1,"user_id":118,"user":{"id":118,"name":"Daniel Maruli Sitohang","email":"daniel@gmail.com"}},{"id":112,"sport_activity_id":1,"user_id":118,"user":{"id":118,"name":"Daniel Maruli Sitohang","email":"daniel@gmail.com"}},{"id":116,"sport_activity_id":1,"user_id":126,"user":{"id":126,"name":"Lestari","email":"lestari@email.com"}},{"id":117,"sport_activity_id":1,"user_id":126,"user":{"id":126,"name":"Lestari","email":"lestari@email.com"}},{"id":118,"sport_activity_id":1,"user_id":126,"user":{"id":126,"name":"Lestari","email":"lestari@email.com"}},{"id":119,"sport_activity_id":1,"user_id":126,"user":{"id":126,"name":"Lestari","email":"lestari@email.com"}},{"id":120,"sport_activity_id":1,"user_id":126,"user":{"id":126,"name":"Lestari","email":"lestari@email.com"}},{"id":121,"sport_activity_id":1,"user_id":3,"user":{"id":3,"name":"Han","email":"syukran@gmail.com"}},{"id":122,"sport_activity_id":1,"user_id":52,"user":{"id":52,"name":"user2","email":"user2@gmail.com"}},{"id":123,"sport_activity_id":1,"user_id":38,"user":{"id":38,"name":"Ade Maulana","email":"ademaulana100499@gmail.com"}},{"id":124,"sport_activity_id":1,"user_id":18,"user":{"id":18,"name":"user1","email":"user1@gmail.com"}},{"id":125,"sport_activity_id":1,"user_id":38,"user":{"id":38,"name":"Ade Maulana","email":"ademaulana100499@gmail.com"}},{"id":127,"sport_activity_id":1,"user_id":79,"user":{"id":79,"name":"ademaulana","email":"admin321@gmail.com"}},{"id":128,"sport_activity_id":1,"user_id":38,"user":{"id":38,"name":"Ade Maulana","email":"ademaulana100499@gmail.com"}},{"id":129,"sport_activity_id":1,"user_id":79,"user":{"id":79,"name":"ademaulana","email":"admin321@gmail.com"}},{"id":130,"sport_activity_id":1,"user_id":52,"user":{"id":52,"name":"user2","email":"user2@gmail.com"}},{"id":131,"sport_activity_id":1,"user_id":79,"user":{"id":79,"name":"ademaulana","email":"admin321@gmail.com"}},{"id":133,"sport_activity_id":1,"user_id":38,"user":{"id":38,"name":"Ade Maulana","email":"ademaulana100499@gmail.com"}},{"id":134,"sport_activity_id":1,"user_id":52,"user":{"id":52,"name":"user2","email":"user2@gmail.com"}},{"id":135,"sport_activity_id":1,"user_id":126,"user":{"id":126,"name":"Lestari","email":"lestari@email.com"}},{"id":140,"sport_activity_id":1,"user_id":136,"user":{"id":136,"name":"alamku","email":"alamku@email.com"}},{"id":145,"sport_activity_id":1,"user_id":38,"user":{"id":38,"name":"Ade Maulana","email":"ademaulana100499@gmail.com"}},{"id":166,"sport_activity_id":1,"user_id":52,"user":{"id":52,"name":"user2","email":"user2@gmail.com"}},{"id":167,"sport_activity_id":1,"user_id":52,"user":{"id":52,"name":"user2","email":"user2@gmail.com"}},{"id":184,"sport_activity_id":1,"user_id":52,"user":{"id":52,"name":"user2","email":"user2@gmail.com"}},{"id":190,"sport_activity_id":1,"user_id":52,"user":{"id":52,"name":"user2","email":"user2@gmail.com"}},{"id":191,"sport_activity_id":1,"user_id":52,"user":{"id":52,"name":"user2","email":"user2@gmail.com"}},{"id":192,"sport_activity_id":1,"user_id":52,"user":{"id":52,"name":"user2","email":"user2@gmail.com"}},{"id":193,"sport_activity_id":1,"user_id":52,"user":{"id":52,"name":"user2","email":"user2@gmail.com"}},{"id":194,"sport_activity_id":1,"user_id":52,"user":{"id":52,"name":"user2","email":"user2@gmail.com"}}]},{"id":2,"sport_category_id":2,"city_id":3172,"user_id":56,"title":"Sepak bola asik, join yuk","price":70000,"price_discount":null,"slot":2,"address":"Lapangan Revo, Jakarta Timur","activity_date":"2025-02-01","start_time":"06:00:00","end_time":"07:00:00","created_at":"2024-09-22T07:06:59.000000Z","updated_at":"2025-01-30T15:49:54.000000Z","organizer":{"id":56,"name":"claudio","email":"adminclaudio@gmail.com"},"city":{"city_id":3172,"province_id":31,"city_name":"Jakarta Timur","city_name_full":"Kota Jakarta Timur","city_type":"kota","city_lat":null,"city_lon":null,"province":{"province_id":31,"province_name":"DKI Jakarta","province_name_abbr":"DKI","province_name_id":"DKI Jakarta","province_name_en":"Special Capital Region of Jakarta","province_capital_city_id":3173,"iso_code":"ID-JK","iso_name":"Jakarta Raya","iso_type":"special district","iso_geounit":"JW","timezone":7,"province_lat":-6.21154,"province_lon":106.845169}},"sport_category":null,"participants":[{"id":10,"sport_activity_id":2,"user_id":3,"user":{"id":3,"name":"Han","email":"syukran@gmail.com"}},{"id":20,"sport_activity_id":2,"user_id":3,"user":{"id":3,"name":"Han","email":"syukran@gmail.com"}},{"id":40,"sport_activity_id":2,"user_id":3,"user":{"id":3,"name":"Han","email":"syukran@gmail.com"}},{"id":126,"sport_activity_id":2,"user_id":3,"user":{"id":3,"name":"Han","email":"syukran@gmail.com"}}]},{"id":10,"sport_category_id":9,"city_id":3172,"user_id":79,"title":"Golf Nihh gass lah","price":150000,"price_discount":null,"slot":2,"address":"Lapangan Golf, Tangerang","activity_date":"2025-08-14","start_time":"06:00:00","end_time":"07:00:00","created_at":"2025-01-29T16:15:10.000000Z","updated_at":"2025-02-05T08:14:03.000000Z","organizer":{"id":79,"name":"ademaulana","email":"admin321@gmail.com"},"city":{"city_id":3172,"province_id":31,"city_name":"Jakarta Timur","city_name_full":"Kota Jakarta Timur","city_type":"kota","city_lat":null,"city_lon":null,"province":{"province_id":31,"province_name":"DKI Jakarta","province_name_abbr":"DKI","province_name_id":"DKI Jakarta","province_name_en":"Special Capital Region of Jakarta","province_capital_city_id":3173,"iso_code":"ID-JK","iso_name":"Jakarta Raya","iso_type":"special district","iso_geounit":"JW","timezone":7,"province_lat":-6.21154,"province_lon":106.845169}},"sport_category":null,"participants":[{"id":22,"sport_activity_id":10,"user_id":38,"user":{"id":38,"name":"Ade Maulana","email":"ademaulana100499@gmail.com"}},{"id":66,"sport_activity_id":10,"user_id":17,"user":{"id":17,"name":"nijam","email":"admin@gmail.com"}},{"id":68,"sport_activity_id":10,"user_id":38,"user":{"id":38,"name":"Ade Maulana","email":"ademaulana100499@gmail.com"}},{"id":151,"sport_activity_id":10,"user_id":126,"user":{"id":126,"name":"Lestari","email":"lestari@email.com"}}]},{"id":8,"sport_category_id":1,"city_id":3172,"user_id":79,"title":"Sepak bola anak bogor","price":70000,"price_discount":null,"slot":2,"address":"Lapangan Revo, Bogor utara","activity_date":"2025-02-12","start_time":"06:00:00","end_time":"07:00:00","created_at":"2025-01-20T05:52:26.000000Z","updated_at":"2025-02-05T08:40:57.000000Z","organizer":{"id":79,"name":"ademaulana","email":"admin321@gmail.com"},"city":{"city_id":3172,"province_id":31,"city_name":"Jakarta Timur","city_name_full":"Kota Jakarta Timur","city_type":"kota","city_lat":null,"city_lon":null,"province":{"province_id":31,"province_name":"DKI Jakarta","province_name_abbr":"DKI","province_name_id":"DKI Jakarta","province_name_en":"Special Capital Region of Jakarta","province_capital_city_id":3173,"iso_code":"ID-JK","iso_name":"Jakarta Raya","iso_type":"special district","iso_geounit":"JW","timezone":7,"province_lat":-6.21154,"province_lon":106.845169}},"sport_category":null,"participants":[{"id":11,"sport_activity_id":8,"user_id":3,"user":{"id":3,"name":"Han","email":"syukran@gmail.com"}},{"id":14,"sport_activity_id":8,"user_id":79,"user":{"id":79,"name":"ademaulana","email":"admin321@gmail.com"}},{"id":23,"sport_activity_id":8,"user_id":99,"user":{"id":99,"name":"nizam","email":"user123@gmail.com"}},{"id":29,"sport_activity_id":8,"user_id":59,"user":{"id":59,"name":"ankara","email":"ankara@hotmail.com"}},{"id":57,"sport_activity_id":8,"user_id":17,"user":{"id":17,"name":"nijam","email":"admin@gmail.com"}},{"id":67,"sport_activity_id":8,"user_id":38,"user":{"id":38,"name":"Ade Maulana","email":"ademaulana100499@gmail.com"}},{"id":72,"sport_activity_id":8,"user_id":80,"user":{"id":80,"name":"ademaulana","email":"user321@gmail.com"}},{"id":73,"sport_activity_id":8,"user_id":17,"user":{"id":17,"name":"nijam","email":"admin@gmail.com"}},{"id":74,"sport_activity_id":8,"user_id":17,"user":{"id":17,"name":"nijam","email":"admin@gmail.com"}}]},{"id":5,"sport_category_id":1,"city_id":3172,"user_id":84,"title":"Sepak bola asik, join yuk","price":70000,"price_discount":null,"slot":0,"address":"Lapangan Revo, Jakarta Timur","activity_date":"2025-01-29","start_time":"07:00:00","end_time":"09:00:00","created_at":"2025-01-19T19:54:27.000000Z","updated_at":"2025-01-28T05:47:22.000000Z","organizer":{"id":84,"name":"rinta","email":"email@email.com"},"city":{"city_id":3172,"province_id":31,"city_name":"Jakarta Timur","city_name_full":"Kota Jakarta Timur","city_type":"kota","city_lat":null,"city_lon":null,"province":{"province_id":31,"province_name":"DKI Jakarta","province_name_abbr":"DKI","province_name_id":"DKI Jakarta","province_name_en":"Special Capital Region of Jakarta","province_capital_city_id":3173,"iso_code":"ID-JK","iso_name":"Jakarta Raya","iso_type":"special district","iso_geounit":"JW","timezone":7,"province_lat":-6.21154,"province_lon":106.845169}},"sport_category":null,"participants":[{"id":24,"sport_activity_id":5,"user_id":94,"user":{"id":94,"name":"dio binzz","email":"dioxyz06@gmail.com"}},{"id":48,"sport_activity_id":5,"user_id":94,"user":{"id":94,"name":"dio binzz","email":"dioxyz06@gmail.com"}},{"id":71,"sport_activity_id":5,"user_id":94,"user":{"id":94,"name":"dio binzz","email":"dioxyz06@gmail.com"}},{"id":75,"sport_activity_id":5,"user_id":94,"user":{"id":94,"name":"dio binzz","email":"dioxyz06@gmail.com"}},{"id":76,"sport_activity_id":5,"user_id":94,"user":{"id":94,"name":"dio binzz","email":"dioxyz06@gmail.com"}},{"id":77,"sport_activity_id":5,"user_id":94,"user":{"id":94,"name":"dio binzz","email":"dioxyz06@gmail.com"}},{"id":93,"sport_activity_id":5,"user_id":99,"user":{"id":99,"name":"nizam","email":"user123@gmail.com"}},{"id":101,"sport_activity_id":5,"user_id":109,"user":{"id":109,"name":"kambing","email":"kambingmerah@gmail.com"}},{"id":142,"sport_activity_id":5,"user_id":126,"user":{"id":126,"name":"Lestari","email":"lestari@email.com"}},{"id":154,"sport_activity_id":5,"user_id":148,"user":{"id":148,"name":"muhsin","email":"muhsintest11@yopmail.com"}},{"id":155,"sport_activity_id":5,"user_id":148,"user":{"id":148,"name":"muhsin","email":"muhsintest11@yopmail.com"}}]},{"id":29,"sport_category_id":2,"city_id":3172,"user_id":84,"title":"Futsal Yuk","price":100000,"price_discount":null,"slot":5,"address":"Lapangan Revo, Jakarta Timur","activity_date":"2025-02-10","start_time":"11:17:00","end_time":"12:17:00","created_at":"2025-02-08T02:17:51.000000Z","updated_at":"2025-02-08T02:17:51.000000Z","organizer":{"id":84,"name":"rinta","email":"email@email.com"},"city":{"city_id":3172,"province_id":31,"city_name":"Jakarta Timur","city_name_full":"Kota Jakarta Timur","city_type":"kota","city_lat":null,"city_lon":null,"province":{"province_id":31,"province_name":"DKI Jakarta","province_name_abbr":"DKI","province_name_id":"DKI Jakarta","province_name_en":"Special Capital Region of Jakarta","province_capital_city_id":3173,"iso_code":"ID-JK","iso_name":"Jakarta Raya","iso_type":"special district","iso_geounit":"JW","timezone":7,"province_lat":-6.21154,"province_lon":106.845169}},"sport_category":null,"participants":[{"id":89,"sport_activity_id":29,"user_id":99,"user":{"id":99,"name":"nizam","email":"user123@gmail.com"}}]},{"id":46,"sport_category_id":12,"city_id":1101,"user_id":105,"title":"Main Hockey BRISD","price":1200000,"price_discount":null,"slot":3,"address":"Tangerang raya","activity_date":"2025-04-27","start_time":"14:07:00","end_time":"15:08:00","created_at":"2025-03-02T05:08:12.000000Z","updated_at":"2025-04-26T18:20:08.000000Z","organizer":{"id":105,"name":"Super Admin","email":"admin@dibimbing.com"},"city":{"city_id":1101,"province_id":11,"city_name":"Simeulue","city_name_full":"Kabupaten Simeulue","city_type":"kabupaten","city_lat":null,"city_lon":null,"province":{"province_id":11,"province_name":"Aceh","province_name_abbr":"NAD","province_name_id":"Nanggroe Aceh Darussalam","province_name_en":"Nanggroe Aceh Darussalam","province_capital_city_id":1171,"iso_code":"ID-AC","iso_name":"Aceh","iso_type":"autonomous province","iso_geounit":"SM","timezone":7,"province_lat":4.695135,"province_lon":96.749397}},"sport_category":null,"participants":[{"id":103,"sport_activity_id":46,"user_id":118,"user":{"id":118,"name":"Daniel Maruli Sitohang","email":"daniel@gmail.com"}},{"id":104,"sport_activity_id":46,"user_id":118,"user":{"id":118,"name":"Daniel Maruli Sitohang","email":"daniel@gmail.com"}},{"id":105,"sport_activity_id":46,"user_id":118,"user":{"id":118,"name":"Daniel Maruli Sitohang","email":"daniel@gmail.com"}}]},{"id":26,"sport_category_id":65,"city_id":3601,"user_id":105,"title":"Sparring Billiard Pandeglang","price":60000,"price_discount":null,"slot":10,"address":"Billiard Center Pandeglang Jalan Raya No. 42, Desa Sukajaya, Pandeglang, Banten, Indonesia 42214","activity_date":"2025-04-27","start_time":"01:00:00","end_time":"03:00:00","created_at":"2025-02-05T15:17:33.000000Z","updated_at":"2025-04-26T18:31:48.000000Z","organizer":{"id":105,"name":"Super Admin","email":"admin@dibimbing.com"},"city":{"city_id":3601,"province_id":36,"city_name":"Pandeglang","city_name_full":"Kabupaten Pandeglang","city_type":"kabupaten","city_lat":null,"city_lon":null,"province":{"province_id":36,"province_name":"Banten","province_name_abbr":"Banten","province_name_id":"Banten","province_name_en":"Banten","province_capital_city_id":3673,"iso_code":"ID-BT","iso_name":"Banten","iso_type":"province","iso_geounit":"JW","timezone":7,"province_lat":-6.12009,"province_lon":106.150291}},"sport_category":null,"participants":[{"id":17,"sport_activity_id":26,"user_id":102,"user":{"id":102,"name":"admin54321","email":"admin54321@gmail.com"}},{"id":25,"sport_activity_id":26,"user_id":80,"user":{"id":80,"name":"ademaulana","email":"user321@gmail.com"}},{"id":31,"sport_activity_id":26,"user_id":21,"user":{"id":21,"name":"bintang tujuh masuk angin","email":"bintang7@gmail.com"}},{"id":174,"sport_activity_id":26,"user_id":166,"user":{"id":166,"name":"Noel","email":"noel@gmail.com"}}]},{"id":27,"sport_category_id":90,"city_id":3171,"user_id":105,"title":"Woyy Maen Aerobik yokk","price":1000000000,"price_discount":null,"slot":4,"address":"jalan h. widodo","activity_date":"2025-04-27","start_time":"11:52:00","end_time":"13:28:00","created_at":"2025-02-05T17:42:46.000000Z","updated_at":"2025-04-26T18:32:45.000000Z","organizer":{"id":105,"name":"Super Admin","email":"admin@dibimbing.com"},"city":{"city_id":3171,"province_id":31,"city_name":"Jakarta Selatan","city_name_full":"Kota Jakarta Selatan","city_type":"kota","city_lat":null,"city_lon":null,"province":{"province_id":31,"province_name":"DKI Jakarta","province_name_abbr":"DKI","province_name_id":"DKI Jakarta","province_name_en":"Special Capital Region of Jakarta","province_capital_city_id":3173,"iso_code":"ID-JK","iso_name":"Jakarta Raya","iso_type":"special district","iso_geounit":"JW","timezone":7,"province_lat":-6.21154,"province_lon":106.845169}},"sport_category":null,"participants":[{"id":18,"sport_activity_id":27,"user_id":99,"user":{"id":99,"name":"nizam","email":"user123@gmail.com"}},{"id":136,"sport_activity_id":27,"user_id":140,"user":{"id":140,"name":"negeriku","email":"negeriku@mail.com"}},{"id":141,"sport_activity_id":27,"user_id":136,"user":{"id":136,"name":"alamku","email":"alamku@email.com"}}]}],"first_page_url":"http:\/\/sport-reservation-2-api-bootcamp.do.dibimbing.id\/api\/v1\/sport-activities?page=1","from":1,"last_page":8,"last_page_url":"http:\/\/sport-reservation-2-api-bootcamp.do.dibimbing.id\/api\/v1\/sport-activities?page=8","links":[{"url":null,"label":"&laquo; Previous","active":false},{"url":"http:\/\/sport-reservation-2-api-bootcamp.do.dibimbing.id\/api\/v1\/sport-activities?page=1","label":"1","active":true},{"url":"http:\/\/sport-reservation-2-api-bootcamp.do.dibimbing.id\/api\/v1\/sport-activities?page=2","label":"2","active":false},{"url":"http:\/\/sport-reservation-2-api-bootcamp.do.dibimbing.id\/api\/v1\/sport-activities?page=3","label":"3","active":false},{"url":"http:\/\/sport-reservation-2-api-bootcamp.do.dibimbing.id\/api\/v1\/sport-activities?page=4","label":"4","active":false},{"url":"http:\/\/sport-reservation-2-api-bootcamp.do.dibimbing.id\/api\/v1\/sport-activities?page=5","label":"5","active":false},{"url":"http:\/\/sport-reservation-2-api-bootcamp.do.dibimbing.id\/api\/v1\/sport-activities?page=6","label":"6","active":false},{"url":"http:\/\/sport-reservation-2-api-bootcamp.do.dibimbing.id\/api\/v1\/sport-activities?page=7","label":"7","active":false},{"url":"http:\/\/sport-reservation-2-api-bootcamp.do.dibimbing.id\/api\/v1\/sport-activities?page=8","label":"8","active":false},{"url":"http:\/\/sport-reservation-2-api-bootcamp.do.dibimbing.id\/api\/v1\/sport-activities?page=2","label":"Next &raquo;","active":false}],"next_page_url":"http:\/\/sport-reservation-2-api-bootcamp.do.dibimbing.id\/api\/v1\/sport-activities?page=2","path":"http:\/\/sport-reservation-2-api-bootcamp.do.dibimbing.id\/api\/v1\/sport-activities","per_page":10,"prev_page_url":null,"to":10,"total":76}}
]]></system-out>
  </testcase>
  <testcase name="updateSportActivity" classname="tests.sportactivity.SportActivityTest" time="0.137">
    <system-out><![CDATA[Create Response: {"error":false,"result":{"id":1098,"sport_category_id":"66","city_id":3172,"user_id":578,"title":"Sepakbola","description":"Tarkam","image_url":null,"price":90000,"price_discount":null,"slot":5,"address":"Lapangan Arcamanik","map_url":"https:\/\/maps.app.goo.gl\/h1AV4bfB2cojJMxK7","activity_date":"2026-06-10","start_time":"09:00","end_time":"10:00","created_at":"2026-06-07T02:06:56.000000Z","updated_at":"2026-06-07T02:06:57.000000Z"},"message":"data saved"}
]]></system-out>
  </testcase>
  <testcase name="deleteSportActivity" classname="tests.sportactivity.SportActivityTest" time="0.09">
    <system-out><![CDATA[Get Response: {"error":false,"message":"Data deleted successfully"}
]]></system-out>
  </testcase>
</testsuite>