<?xml version="1.0" encoding="UTF-8"?>
<!-- Generated by org.testng.reporters.JUnitReportReporter -->
<testsuite hostname="Memoria" failures="0" tests="4" name="tests.sportcategory.SportCategoryTest" time="0.438" errors="0" timestamp="2026-06-07T09:06:59 WIB" skipped="0">
  <testcase classname="tests.sportcategory.SportCategoryTest" name="createSportCategories" time="0.130"/>
  <testcase classname="tests.sportcategory.SportCategoryTest" name="getSportCategories" time="0.137"/>
  <testcase classname="tests.sportcategory.SportCategoryTest" name="updateSportCategories" time="0.096"/>
  <testcase classname="tests.sportcategory.SportCategoryTest" name="deleteSportCategories" time="0.075"/>
</testsuite> <!-- tests.sportcategory.SportCategoryTest -->
